  [1m[35m (169.3ms)[0m  [1m[35mCREATE DATABASE "RedditClone_development" ENCODING = 'unicode'[0m
  ↳ bin/rails:9
  [1m[35m (51.9ms)[0m  [1m[35mCREATE DATABASE "RedditClone_test" ENCODING = 'unicode'[0m
  ↳ bin/rails:9
  [1m[35m (43.6ms)[0m  [1m[35mCREATE TABLE "schema_migrations" ("version" character varying NOT NULL PRIMARY KEY)[0m
  ↳ bin/rails:9
  [1m[35m (8.0ms)[0m  [1m[35mCREATE TABLE "ar_internal_metadata" ("key" character varying NOT NULL PRIMARY KEY, "value" character varying, "created_at" timestamp NOT NULL, "updated_at" timestamp NOT NULL)[0m
  ↳ bin/rails:9
  [1m[35m (7.0ms)[0m  [1m[34mSELECT pg_try_advisory_lock(6711173107426626090)[0m
  ↳ bin/rails:9
  [1m[35m (1.5ms)[0m  [1m[34mSELECT "schema_migrations"."version" FROM "schema_migrations" ORDER BY "schema_migrations"."version" ASC[0m
  ↳ bin/rails:9
Migrating to CreateUsers (20211015205511)
  [1m[35m (0.3ms)[0m  [1m[35mBEGIN[0m
  ↳ bin/rails:9
  [1m[35m (33.8ms)[0m  [1m[35mCREATE TABLE "users" ("id" bigserial primary key, "username" character varying NOT NULL, "session_token" character varying NOT NULL, "password_digest" character varying NOT NULL, "created_at" timestamp NOT NULL, "updated_at" timestamp NOT NULL)[0m
  ↳ db/migrate/20211015205511_create_users.rb:3
  [1m[35m (2.1ms)[0m  [1m[35mCREATE UNIQUE INDEX  "index_users_on_username" ON "users"  ("username")[0m
  ↳ db/migrate/20211015205511_create_users.rb:9
  [1m[35m (0.9ms)[0m  [1m[35mCREATE UNIQUE INDEX  "index_users_on_session_token" ON "users"  ("session_token")[0m
  ↳ db/migrate/20211015205511_create_users.rb:10
  [1m[36mActiveRecord::SchemaMigration Create (1.3ms)[0m  [1m[32mINSERT INTO "schema_migrations" ("version") VALUES ($1) RETURNING "version"[0m  [["version", "20211015205511"]]
  ↳ bin/rails:9
  [1m[35m (0.5ms)[0m  [1m[35mCOMMIT[0m
  ↳ bin/rails:9
  [1m[36mActiveRecord::InternalMetadata Load (13.7ms)[0m  [1m[34mSELECT  "ar_internal_metadata".* FROM "ar_internal_metadata" WHERE "ar_internal_metadata"."key" = $1 LIMIT $2[0m  [["key", "environment"], ["LIMIT", 1]]
  ↳ bin/rails:9
  [1m[35m (0.1ms)[0m  [1m[35mBEGIN[0m
  ↳ bin/rails:9
  [1m[36mActiveRecord::InternalMetadata Create (9.8ms)[0m  [1m[32mINSERT INTO "ar_internal_metadata" ("key", "value", "created_at", "updated_at") VALUES ($1, $2, $3, $4) RETURNING "key"[0m  [["key", "environment"], ["value", "development"], ["created_at", "2021-10-15 20:57:38.966308"], ["updated_at", "2021-10-15 20:57:38.966308"]]
  ↳ bin/rails:9
  [1m[35m (0.3ms)[0m  [1m[35mCOMMIT[0m
  ↳ bin/rails:9
  [1m[35m (0.4ms)[0m  [1m[34mSELECT pg_advisory_unlock(6711173107426626090)[0m
  ↳ bin/rails:9
  [1m[35m (0.8ms)[0m  [1m[34mSELECT "schema_migrations"."version" FROM "schema_migrations" ORDER BY "schema_migrations"."version" ASC[0m
  ↳ bin/rails:9
Started GET "/" for ::1 at 2021-10-15 15:11:39 -0700
  [1m[35m (2.4ms)[0m  [1m[34mSELECT "schema_migrations"."version" FROM "schema_migrations" ORDER BY "schema_migrations"."version" ASC[0m
  ↳ /Users/alex/.rbenv/versions/2.5.1/lib/ruby/gems/2.5.0/gems/activerecord-5.2.6/lib/active_record/log_subscriber.rb:98
Processing by Rails::WelcomeController#index as HTML
  Rendering /Users/alex/.rbenv/versions/2.5.1/lib/ruby/gems/2.5.0/gems/railties-5.2.6/lib/rails/templates/rails/welcome/index.html.erb
  Rendered /Users/alex/.rbenv/versions/2.5.1/lib/ruby/gems/2.5.0/gems/railties-5.2.6/lib/rails/templates/rails/welcome/index.html.erb (2.5ms)
Completed 200 OK in 18ms (Views: 6.8ms | ActiveRecord: 0.0ms)


Started GET "/session/new" for ::1 at 2021-10-15 15:11:47 -0700
Processing by SessionsController#new as HTML
  Rendering sessions/new.html.erb within layouts/application
  Rendered sessions/new.html.erb within layouts/application (4.1ms)
Completed 500 Internal Server Error in 29ms (ActiveRecord: 0.0ms)


  
SyntaxError (/Users/alex/Desktop/AA_Classwork/AA_Classwork/Classwork/AA_Classwork/W7/D5/RedditClone/app/views/layouts/application.html.erb:28: syntax error, unexpected keyword_ensure, expecting keyword_end
          ensure
          ^~~~~~
/Users/alex/Desktop/AA_Classwork/AA_Classwork/Classwork/AA_Classwork/W7/D5/RedditClone/app/views/layouts/application.html.erb:30: syntax error, unexpected end-of-input, expecting keyword_end
          end
             ^):
  
app/views/layouts/application.html.erb:28: syntax error, unexpected keyword_ensure, expecting keyword_end
app/views/layouts/application.html.erb:30: syntax error, unexpected end-of-input, expecting keyword_end
app/controllers/sessions_controller.rb:5:in `new'
Started GET "/session/new" for ::1 at 2021-10-15 15:12:17 -0700
Processing by SessionsController#new as HTML
  Rendering sessions/new.html.erb within layouts/application
  Rendered sessions/new.html.erb within layouts/application (1.0ms)
Completed 200 OK in 445ms (Views: 442.5ms | ActiveRecord: 0.0ms)


Started POST "/users/new" for ::1 at 2021-10-15 15:12:25 -0700
  
ActionController::RoutingError (No route matches [POST] "/users/new"):
  
actionpack (5.2.6) lib/action_dispatch/middleware/debug_exceptions.rb:65:in `call'
web-console (3.7.0) lib/web_console/middleware.rb:135:in `call_app'
web-console (3.7.0) lib/web_console/middleware.rb:30:in `block in call'
web-console (3.7.0) lib/web_console/middleware.rb:20:in `catch'
web-console (3.7.0) lib/web_console/middleware.rb:20:in `call'
actionpack (5.2.6) lib/action_dispatch/middleware/show_exceptions.rb:33:in `call'
railties (5.2.6) lib/rails/rack/logger.rb:38:in `call_app'
railties (5.2.6) lib/rails/rack/logger.rb:26:in `block in call'
activesupport (5.2.6) lib/active_support/tagged_logging.rb:71:in `block in tagged'
activesupport (5.2.6) lib/active_support/tagged_logging.rb:28:in `tagged'
activesupport (5.2.6) lib/active_support/tagged_logging.rb:71:in `tagged'
railties (5.2.6) lib/rails/rack/logger.rb:26:in `call'
sprockets-rails (3.2.2) lib/sprockets/rails/quiet_assets.rb:13:in `call'
actionpack (5.2.6) lib/action_dispatch/middleware/remote_ip.rb:81:in `call'
actionpack (5.2.6) lib/action_dispatch/middleware/request_id.rb:27:in `call'
rack (2.2.3) lib/rack/method_override.rb:24:in `call'
rack (2.2.3) lib/rack/runtime.rb:22:in `call'
activesupport (5.2.6) lib/active_support/cache/strategy/local_cache_middleware.rb:29:in `call'
actionpack (5.2.6) lib/action_dispatch/middleware/executor.rb:14:in `call'
actionpack (5.2.6) lib/action_dispatch/middleware/static.rb:127:in `call'
rack (2.2.3) lib/rack/sendfile.rb:110:in `call'
railties (5.2.6) lib/rails/engine.rb:524:in `call'
puma (3.12.6) lib/puma/configuration.rb:227:in `call'
puma (3.12.6) lib/puma/server.rb:706:in `handle_request'
puma (3.12.6) lib/puma/server.rb:476:in `process_client'
puma (3.12.6) lib/puma/server.rb:334:in `block in run'
puma (3.12.6) lib/puma/thread_pool.rb:135:in `block in spawn_thread'
Started GET "/session/new" for ::1 at 2021-10-15 15:13:05 -0700
Processing by SessionsController#new as HTML
  Rendering sessions/new.html.erb within layouts/application
  Rendered sessions/new.html.erb within layouts/application (2.5ms)
Completed 200 OK in 57ms (Views: 54.6ms | ActiveRecord: 0.0ms)


Started GET "/users/new" for ::1 at 2021-10-15 15:13:06 -0700
Processing by UsersController#new as HTML
Completed 500 Internal Server Error in 43ms (ActiveRecord: 22.9ms)


  
NoMethodError (undefined method `validtaes' for #<Class:0x00007fa06456b510>
Did you mean?  validates
               validates!
               validate
               validators):
  
app/models/user.rb:7:in `<class:User>'
app/models/user.rb:1:in `<top (required)>'
app/controllers/users_controller.rb:15:in `new'
Started GET "/session/new" for ::1 at 2021-10-15 15:13:40 -0700
Processing by SessionsController#new as HTML
  Rendering sessions/new.html.erb within layouts/application
  Rendered sessions/new.html.erb within layouts/application (1.0ms)
Completed 200 OK in 27ms (Views: 25.7ms | ActiveRecord: 0.0ms)


Started GET "/users/new" for ::1 at 2021-10-15 15:13:42 -0700
Processing by UsersController#new as HTML
  Rendering users/new.html.erb within layouts/application
  Rendered users/new.html.erb within layouts/application (0.8ms)
Completed 200 OK in 81ms (Views: 41.5ms | ActiveRecord: 21.2ms)


Started GET "/users/new" for ::1 at 2021-10-15 15:13:58 -0700
Processing by UsersController#new as HTML
  Rendering users/new.html.erb within layouts/application
  Rendered users/new.html.erb within layouts/application (1.0ms)
Completed 200 OK in 44ms (Views: 36.3ms | ActiveRecord: 0.0ms)


Started GET "/session/new" for ::1 at 2021-10-15 15:14:46 -0700
Processing by SessionsController#new as HTML
  Rendering sessions/new.html.erb within layouts/application
  Rendered sessions/new.html.erb within layouts/application (2.9ms)
Completed 200 OK in 48ms (Views: 45.2ms | ActiveRecord: 0.0ms)


Started GET "/users/new" for ::1 at 2021-10-15 15:14:47 -0700
Processing by UsersController#new as HTML
  Rendering users/new.html.erb within layouts/application
  Rendered users/new.html.erb within layouts/application (0.6ms)
Completed 200 OK in 24ms (Views: 22.6ms | ActiveRecord: 0.0ms)


Started GET "/users/new" for ::1 at 2021-10-15 15:14:48 -0700
Processing by UsersController#new as HTML
  Rendering users/new.html.erb within layouts/application
  Rendered users/new.html.erb within layouts/application (0.4ms)
Completed 200 OK in 18ms (Views: 17.2ms | ActiveRecord: 0.0ms)


Started POST "/users" for ::1 at 2021-10-15 15:14:56 -0700
Processing by UsersController#create as HTML
  Parameters: {"user"=>{"username"=>"alex", "password"=>"[FILTERED]"}}
Can't verify CSRF token authenticity.
Completed 422 Unprocessable Entity in 2ms (ActiveRecord: 0.0ms)


  
ActionController::InvalidAuthenticityToken (ActionController::InvalidAuthenticityToken):
  
actionpack (5.2.6) lib/action_controller/metal/request_forgery_protection.rb:215:in `handle_unverified_request'
actionpack (5.2.6) lib/action_controller/metal/request_forgery_protection.rb:247:in `handle_unverified_request'
actionpack (5.2.6) lib/action_controller/metal/request_forgery_protection.rb:242:in `verify_authenticity_token'
activesupport (5.2.6) lib/active_support/callbacks.rb:426:in `block in make_lambda'
activesupport (5.2.6) lib/active_support/callbacks.rb:198:in `block (2 levels) in halting'
actionpack (5.2.6) lib/abstract_controller/callbacks.rb:34:in `block (2 levels) in <module:Callbacks>'
activesupport (5.2.6) lib/active_support/callbacks.rb:199:in `block in halting'
activesupport (5.2.6) lib/active_support/callbacks.rb:513:in `block in invoke_before'
activesupport (5.2.6) lib/active_support/callbacks.rb:513:in `each'
activesupport (5.2.6) lib/active_support/callbacks.rb:513:in `invoke_before'
activesupport (5.2.6) lib/active_support/callbacks.rb:131:in `run_callbacks'
actionpack (5.2.6) lib/abstract_controller/callbacks.rb:41:in `process_action'
actionpack (5.2.6) lib/action_controller/metal/rescue.rb:22:in `process_action'
actionpack (5.2.6) lib/action_controller/metal/instrumentation.rb:34:in `block in process_action'
activesupport (5.2.6) lib/active_support/notifications.rb:168:in `block in instrument'
activesupport (5.2.6) lib/active_support/notifications/instrumenter.rb:23:in `instrument'
activesupport (5.2.6) lib/active_support/notifications.rb:168:in `instrument'
actionpack (5.2.6) lib/action_controller/metal/instrumentation.rb:32:in `process_action'
actionpack (5.2.6) lib/action_controller/metal/params_wrapper.rb:256:in `process_action'
activerecord (5.2.6) lib/active_record/railties/controller_runtime.rb:24:in `process_action'
actionpack (5.2.6) lib/abstract_controller/base.rb:134:in `process'
actionview (5.2.6) lib/action_view/rendering.rb:32:in `process'
actionpack (5.2.6) lib/action_controller/metal.rb:191:in `dispatch'
actionpack (5.2.6) lib/action_controller/metal.rb:252:in `dispatch'
actionpack (5.2.6) lib/action_dispatch/routing/route_set.rb:52:in `dispatch'
actionpack (5.2.6) lib/action_dispatch/routing/route_set.rb:34:in `serve'
actionpack (5.2.6) lib/action_dispatch/journey/router.rb:52:in `block in serve'
actionpack (5.2.6) lib/action_dispatch/journey/router.rb:35:in `each'
actionpack (5.2.6) lib/action_dispatch/journey/router.rb:35:in `serve'
actionpack (5.2.6) lib/action_dispatch/routing/route_set.rb:840:in `call'
rack (2.2.3) lib/rack/tempfile_reaper.rb:15:in `call'
rack (2.2.3) lib/rack/etag.rb:27:in `call'
rack (2.2.3) lib/rack/conditional_get.rb:40:in `call'
rack (2.2.3) lib/rack/head.rb:12:in `call'
actionpack (5.2.6) lib/action_dispatch/http/content_security_policy.rb:18:in `call'
rack (2.2.3) lib/rack/session/abstract/id.rb:266:in `context'
rack (2.2.3) lib/rack/session/abstract/id.rb:260:in `call'
actionpack (5.2.6) lib/action_dispatch/middleware/cookies.rb:670:in `call'
activerecord (5.2.6) lib/active_record/migration.rb:559:in `call'
actionpack (5.2.6) lib/action_dispatch/middleware/callbacks.rb:28:in `block in call'
activesupport (5.2.6) lib/active_support/callbacks.rb:98:in `run_callbacks'
actionpack (5.2.6) lib/action_dispatch/middleware/callbacks.rb:26:in `call'
actionpack (5.2.6) lib/action_dispatch/middleware/executor.rb:14:in `call'
actionpack (5.2.6) lib/action_dispatch/middleware/debug_exceptions.rb:61:in `call'
web-console (3.7.0) lib/web_console/middleware.rb:135:in `call_app'
web-console (3.7.0) lib/web_console/middleware.rb:30:in `block in call'
web-console (3.7.0) lib/web_console/middleware.rb:20:in `catch'
web-console (3.7.0) lib/web_console/middleware.rb:20:in `call'
actionpack (5.2.6) lib/action_dispatch/middleware/show_exceptions.rb:33:in `call'
railties (5.2.6) lib/rails/rack/logger.rb:38:in `call_app'
railties (5.2.6) lib/rails/rack/logger.rb:26:in `block in call'
activesupport (5.2.6) lib/active_support/tagged_logging.rb:71:in `block in tagged'
activesupport (5.2.6) lib/active_support/tagged_logging.rb:28:in `tagged'
activesupport (5.2.6) lib/active_support/tagged_logging.rb:71:in `tagged'
railties (5.2.6) lib/rails/rack/logger.rb:26:in `call'
sprockets-rails (3.2.2) lib/sprockets/rails/quiet_assets.rb:13:in `call'
actionpack (5.2.6) lib/action_dispatch/middleware/remote_ip.rb:81:in `call'
actionpack (5.2.6) lib/action_dispatch/middleware/request_id.rb:27:in `call'
rack (2.2.3) lib/rack/method_override.rb:24:in `call'
rack (2.2.3) lib/rack/runtime.rb:22:in `call'
activesupport (5.2.6) lib/active_support/cache/strategy/local_cache_middleware.rb:29:in `call'
actionpack (5.2.6) lib/action_dispatch/middleware/executor.rb:14:in `call'
actionpack (5.2.6) lib/action_dispatch/middleware/static.rb:127:in `call'
rack (2.2.3) lib/rack/sendfile.rb:110:in `call'
railties (5.2.6) lib/rails/engine.rb:524:in `call'
puma (3.12.6) lib/puma/configuration.rb:227:in `call'
puma (3.12.6) lib/puma/server.rb:706:in `handle_request'
puma (3.12.6) lib/puma/server.rb:476:in `process_client'
puma (3.12.6) lib/puma/server.rb:334:in `block in run'
puma (3.12.6) lib/puma/thread_pool.rb:135:in `block in spawn_thread'
Started GET "/users/new" for ::1 at 2021-10-15 15:15:29 -0700
Processing by UsersController#new as HTML
  Rendering users/new.html.erb within layouts/application
  Rendered users/new.html.erb within layouts/application (3.0ms)
Completed 200 OK in 62ms (Views: 47.5ms | ActiveRecord: 0.0ms)


Started POST "/users" for ::1 at 2021-10-15 15:15:36 -0700
Processing by UsersController#create as HTML
  Parameters: {"authenticity_token"=>"jL2FlrurxQfilK2kvcm9Ji5O4x03q8H1XQzdOpNLSI8w6wDz3RZ2RxnxVljKoEZ0BpoWxW3IZko03wLOUOXijQ==", "user"=>{"username"=>"alex", "password"=>"[FILTERED]"}}
  [1m[35m (7.3ms)[0m  [1m[35mBEGIN[0m
  ↳ app/models/user.rb:25
  [1m[36mUser Exists (13.9ms)[0m  [1m[34mSELECT  1 AS one FROM "users" WHERE "users"."username" = $1 LIMIT $2[0m  [["username", "alex"], ["LIMIT", 1]]
  ↳ app/models/user.rb:25
  [1m[36mUser Exists (10.2ms)[0m  [1m[34mSELECT  1 AS one FROM "users" WHERE "users"."session_token" = $1 LIMIT $2[0m  [["session_token", "MHKzECqKKul4COywijvphQ"], ["LIMIT", 1]]
  ↳ app/models/user.rb:25
  [1m[36mUser Create (13.4ms)[0m  [1m[32mINSERT INTO "users" ("username", "session_token", "password_digest", "created_at", "updated_at") VALUES ($1, $2, $3, $4, $5) RETURNING "id"[0m  [["username", "alex"], ["session_token", "MHKzECqKKul4COywijvphQ"], ["password_digest", "$2a$12$lYmI28U5JjklJyC3SBfdCOFBRDk8KJaG.wkca.k6Q6CjQY/tANIyu"], ["created_at", "2021-10-15 22:15:36.554809"], ["updated_at", "2021-10-15 22:15:36.554809"]]
  ↳ app/models/user.rb:25
  [1m[35m (2.5ms)[0m  [1m[35mCOMMIT[0m
  ↳ app/models/user.rb:25
Redirected to http://localhost:3000/users
Completed 302 Found in 364ms (ActiveRecord: 47.2ms)


Started GET "/users" for ::1 at 2021-10-15 15:15:36 -0700
Processing by UsersController#index as HTML
  [1m[36mUser Load (1.1ms)[0m  [1m[34mSELECT  "users".* FROM "users" WHERE "users"."session_token" = $1 LIMIT $2[0m  [["session_token", "MHKzECqKKul4COywijvphQ"], ["LIMIT", 1]]
  ↳ app/controllers/application_controller.rb:6
  Rendering users/index.html.erb within layouts/application
  [1m[36mUser Load (0.5ms)[0m  [1m[34mSELECT "users".* FROM "users"[0m
  ↳ app/views/users/index.html.erb:3
  Rendered users/index.html.erb within layouts/application (1.5ms)
Completed 200 OK in 25ms (Views: 17.5ms | ActiveRecord: 2.4ms)


Started GET "/users/1" for ::1 at 2021-10-15 15:15:43 -0700
Processing by UsersController#show as HTML
  Parameters: {"id"=>"1"}
  [1m[36mUser Load (2.4ms)[0m  [1m[34mSELECT  "users".* FROM "users" WHERE "users"."session_token" = $1 LIMIT $2[0m  [["session_token", "MHKzECqKKul4COywijvphQ"], ["LIMIT", 1]]
  ↳ app/controllers/application_controller.rb:6
  [1m[36mUser Load (0.8ms)[0m  [1m[34mSELECT  "users".* FROM "users" WHERE "users"."id" = $1 LIMIT $2[0m  [["id", 1], ["LIMIT", 1]]
  ↳ app/controllers/users_controller.rb:10
  Rendering users/show.html.erb within layouts/application
  Rendered users/show.html.erb within layouts/application (162.7ms)
Completed 500 Internal Server Error in 190ms (ActiveRecord: 3.1ms)


  
ActionView::Template::Error (undefined local variable or method `user' for #<#<Class:0x00007fa084897cc8>:0x00007fa0660f74a0>
Did you mean?  @user):
    1: <h1>Hello, <%= user.username%></a></h1>
  
app/views/users/show.html.erb:1:in `_app_views_users_show_html_erb__1880863670994535920_70163441889460'
app/controllers/users_controller.rb:11:in `show'
Started GET "/users" for ::1 at 2021-10-15 15:15:49 -0700
Processing by UsersController#index as HTML
  [1m[36mUser Load (3.0ms)[0m  [1m[34mSELECT  "users".* FROM "users" WHERE "users"."session_token" = $1 LIMIT $2[0m  [["session_token", "MHKzECqKKul4COywijvphQ"], ["LIMIT", 1]]
  ↳ app/controllers/application_controller.rb:6
  Rendering users/index.html.erb within layouts/application
  [1m[36mUser Load (2.6ms)[0m  [1m[34mSELECT "users".* FROM "users"[0m
  ↳ app/views/users/index.html.erb:3
  Rendered users/index.html.erb within layouts/application (8.0ms)
Completed 200 OK in 46ms (Views: 37.3ms | ActiveRecord: 5.7ms)


Started GET "/users" for ::1 at 2021-10-15 15:16:19 -0700
Processing by UsersController#index as HTML
  [1m[36mUser Load (4.6ms)[0m  [1m[34mSELECT  "users".* FROM "users" WHERE "users"."session_token" = $1 LIMIT $2[0m  [["session_token", "MHKzECqKKul4COywijvphQ"], ["LIMIT", 1]]
  ↳ app/controllers/application_controller.rb:6
  Rendering users/index.html.erb within layouts/application
  [1m[36mUser Load (0.9ms)[0m  [1m[34mSELECT "users".* FROM "users"[0m
  ↳ app/views/users/index.html.erb:3
  Rendered users/index.html.erb within layouts/application (4.2ms)
Completed 500 Internal Server Error in 227ms (ActiveRecord: 5.5ms)


  
ActionView::Template::Error (undefined local variable or method `logged_out' for #<#<Class:0x00007fa084897cc8>:0x00007fa062a1f798>
Did you mean?  logged_in?):
    10:   </head>
    11: 
    12:   <body>
    13:   <% if logged_out %>
    14:   <form action="<%=new_user_url%>" method="get">
    15:   <input type="submit" value="Create User">  
    16:   </form>
  
app/views/layouts/application.html.erb:13:in `_app_views_layouts_application_html_erb___792455359195634187_70163413122940'
app/controllers/users_controller.rb:6:in `index'
Started GET "/users/new" for ::1 at 2021-10-15 15:17:06 -0700
Processing by UsersController#new as HTML
  Rendering users/new.html.erb within layouts/application
  Rendered users/new.html.erb within layouts/application (2.1ms)
Completed 500 Internal Server Error in 205ms (ActiveRecord: 0.0ms)


  
ActionView::Template::Error (undefined local variable or method `logged_in' for #<#<Class:0x00007fa084897cc8>:0x00007fa08335ea50>
Did you mean?  logged_in?):
    10:   </head>
    11: 
    12:   <body>
    13:   <% if logged_in %>
    14:   <% else %>
    15:   <form action="<%=new_user_url%>" method="get">
    16:   <input type="submit" value="Create User">  
  
app/views/layouts/application.html.erb:13:in `_app_views_layouts_application_html_erb___792455359195634187_70163686387640'
app/controllers/users_controller.rb:16:in `new'
Started GET "/session/new" for ::1 at 2021-10-15 15:17:20 -0700
Processing by SessionsController#new as HTML
  Rendering sessions/new.html.erb within layouts/application
  Rendered sessions/new.html.erb within layouts/application (2.1ms)
  [1m[36mUser Load (1.5ms)[0m  [1m[34mSELECT  "users".* FROM "users" WHERE "users"."session_token" = $1 LIMIT $2[0m  [["session_token", "MHKzECqKKul4COywijvphQ"], ["LIMIT", 1]]
  ↳ app/controllers/application_controller.rb:6
Completed 200 OK in 51ms (Views: 46.7ms | ActiveRecord: 1.5ms)


Started GET "/session/new" for ::1 at 2021-10-15 15:17:52 -0700
Processing by SessionsController#new as HTML
  Rendering sessions/new.html.erb within layouts/application
  Rendered sessions/new.html.erb within layouts/application (3.2ms)
  [1m[36mUser Load (1.5ms)[0m  [1m[34mSELECT  "users".* FROM "users" WHERE "users"."session_token" = $1 LIMIT $2[0m  [["session_token", "MHKzECqKKul4COywijvphQ"], ["LIMIT", 1]]
  ↳ app/controllers/application_controller.rb:6
Completed 200 OK in 68ms (Views: 64.1ms | ActiveRecord: 1.5ms)


Started GET "/session/new" for ::1 at 2021-10-15 15:17:54 -0700
Processing by SessionsController#new as HTML
  Rendering sessions/new.html.erb within layouts/application
  Rendered sessions/new.html.erb within layouts/application (1.1ms)
  [1m[36mUser Load (2.5ms)[0m  [1m[34mSELECT  "users".* FROM "users" WHERE "users"."session_token" = $1 LIMIT $2[0m  [["session_token", "MHKzECqKKul4COywijvphQ"], ["LIMIT", 1]]
  ↳ app/controllers/application_controller.rb:6
Completed 200 OK in 48ms (Views: 42.2ms | ActiveRecord: 2.5ms)


Started GET "/session/new" for ::1 at 2021-10-15 15:18:07 -0700
Processing by SessionsController#new as HTML
  Rendering sessions/new.html.erb within layouts/application
  Rendered sessions/new.html.erb within layouts/application (2.0ms)
  [1m[36mUser Load (0.8ms)[0m  [1m[34mSELECT  "users".* FROM "users" WHERE "users"."session_token" = $1 LIMIT $2[0m  [["session_token", "MHKzECqKKul4COywijvphQ"], ["LIMIT", 1]]
  ↳ app/controllers/application_controller.rb:6
Completed 200 OK in 62ms (Views: 58.6ms | ActiveRecord: 0.8ms)


Started POST "/session" for ::1 at 2021-10-15 15:18:14 -0700
Processing by SessionsController#create as HTML
  Parameters: {"authenticity_token"=>"ABrhZy4oLzSzOhiH624YSbpX729vLQow7Bo1ylP0Gnq8TGQCSJWcdEhf43ucB+MbkoMatzVOrY+Fyeo+kFqweA==", "user"=>{"username"=>"alex", "password"=>"[FILTERED]"}}
  [1m[36mUser Load (0.8ms)[0m  [1m[34mSELECT  "users".* FROM "users" WHERE "users"."username" = $1 LIMIT $2[0m  [["username", "alex"], ["LIMIT", 1]]
  ↳ app/models/user.rb:30
  [1m[35m (3.7ms)[0m  [1m[35mBEGIN[0m
  ↳ app/models/user.rb:25
  [1m[36mUser Exists (2.9ms)[0m  [1m[34mSELECT  1 AS one FROM "users" WHERE "users"."username" = $1 AND "users"."id" != $2 LIMIT $3[0m  [["username", "alex"], ["id", 1], ["LIMIT", 1]]
  ↳ app/models/user.rb:25
  [1m[36mUser Exists (5.7ms)[0m  [1m[34mSELECT  1 AS one FROM "users" WHERE "users"."session_token" = $1 AND "users"."id" != $2 LIMIT $3[0m  [["session_token", "zuEPyWYF6DqUP5lO9Tk8Wg"], ["id", 1], ["LIMIT", 1]]
  ↳ app/models/user.rb:25
  [1m[36mUser Update (8.4ms)[0m  [1m[33mUPDATE "users" SET "session_token" = $1, "updated_at" = $2 WHERE "users"."id" = $3[0m  [["session_token", "zuEPyWYF6DqUP5lO9Tk8Wg"], ["updated_at", "2021-10-15 22:18:14.678117"], ["id", 1]]
  ↳ app/models/user.rb:25
  [1m[35m (1.0ms)[0m  [1m[35mCOMMIT[0m
  ↳ app/models/user.rb:25
Redirected to http://localhost:3000/users/1
Completed 302 Found in 331ms (ActiveRecord: 22.4ms)


Started GET "/users/1" for ::1 at 2021-10-15 15:18:14 -0700
Processing by UsersController#show as HTML
  Parameters: {"id"=>"1"}
  [1m[36mUser Load (0.5ms)[0m  [1m[34mSELECT  "users".* FROM "users" WHERE "users"."session_token" = $1 LIMIT $2[0m  [["session_token", "zuEPyWYF6DqUP5lO9Tk8Wg"], ["LIMIT", 1]]
  ↳ app/controllers/application_controller.rb:6
  [1m[36mUser Load (0.4ms)[0m  [1m[34mSELECT  "users".* FROM "users" WHERE "users"."id" = $1 LIMIT $2[0m  [["id", 1], ["LIMIT", 1]]
  ↳ app/controllers/users_controller.rb:10
  Rendering users/show.html.erb within layouts/application
  Rendered users/show.html.erb within layouts/application (145.9ms)
Completed 500 Internal Server Error in 153ms (ActiveRecord: 0.9ms)


  
ActionView::Template::Error (undefined local variable or method `user' for #<#<Class:0x00007fa084897cc8>:0x00007fa08344c430>
Did you mean?  @user):
    1: <h1>Hello, <%= user.username%></a></h1>
  
app/views/users/show.html.erb:1:in `_app_views_users_show_html_erb__1880863670994535920_70163686894060'
app/controllers/users_controller.rb:11:in `show'
Started GET "/session/new" for ::1 at 2021-10-15 15:18:44 -0700
Processing by SessionsController#new as HTML
  Rendering sessions/new.html.erb within layouts/application
  Rendered sessions/new.html.erb within layouts/application (1.7ms)
  [1m[36mUser Load (0.9ms)[0m  [1m[34mSELECT  "users".* FROM "users" WHERE "users"."session_token" = $1 LIMIT $2[0m  [["session_token", "zuEPyWYF6DqUP5lO9Tk8Wg"], ["LIMIT", 1]]
  ↳ app/controllers/application_controller.rb:6
Completed 200 OK in 53ms (Views: 49.8ms | ActiveRecord: 0.9ms)


Started POST "/session" for ::1 at 2021-10-15 15:18:48 -0700
Processing by SessionsController#create as HTML
  Parameters: {"authenticity_token"=>"nzSJCn4h9V1SjkJ3T09FrFC+C8GgMrTnwLGgsAeTv1sjYgxvGJxGHanruYs4Jr7+eGr+GfpRE1ipYn9ExD0VWQ==", "user"=>{"username"=>"alex", "password"=>"[FILTERED]"}}
  [1m[36mUser Load (2.0ms)[0m  [1m[34mSELECT  "users".* FROM "users" WHERE "users"."username" = $1 LIMIT $2[0m  [["username", "alex"], ["LIMIT", 1]]
  ↳ app/models/user.rb:30
  [1m[35m (0.2ms)[0m  [1m[35mBEGIN[0m
  ↳ app/models/user.rb:25
  [1m[36mUser Exists (0.9ms)[0m  [1m[34mSELECT  1 AS one FROM "users" WHERE "users"."username" = $1 AND "users"."id" != $2 LIMIT $3[0m  [["username", "alex"], ["id", 1], ["LIMIT", 1]]
  ↳ app/models/user.rb:25
  [1m[36mUser Exists (2.2ms)[0m  [1m[34mSELECT  1 AS one FROM "users" WHERE "users"."session_token" = $1 AND "users"."id" != $2 LIMIT $3[0m  [["session_token", "6s-njOAjxMYcb6ORfcLFRg"], ["id", 1], ["LIMIT", 1]]
  ↳ app/models/user.rb:25
  [1m[36mUser Update (3.8ms)[0m  [1m[33mUPDATE "users" SET "session_token" = $1, "updated_at" = $2 WHERE "users"."id" = $3[0m  [["session_token", "6s-njOAjxMYcb6ORfcLFRg"], ["updated_at", "2021-10-15 22:18:48.467034"], ["id", 1]]
  ↳ app/models/user.rb:25
  [1m[35m (1.5ms)[0m  [1m[35mCOMMIT[0m
  ↳ app/models/user.rb:25
Redirected to http://localhost:3000/users/1
Completed 302 Found in 322ms (ActiveRecord: 10.7ms)


Started GET "/users/1" for ::1 at 2021-10-15 15:18:48 -0700
Processing by UsersController#show as HTML
  Parameters: {"id"=>"1"}
  [1m[36mUser Load (0.6ms)[0m  [1m[34mSELECT  "users".* FROM "users" WHERE "users"."session_token" = $1 LIMIT $2[0m  [["session_token", "6s-njOAjxMYcb6ORfcLFRg"], ["LIMIT", 1]]
  ↳ app/controllers/application_controller.rb:6
  [1m[36mUser Load (0.6ms)[0m  [1m[34mSELECT  "users".* FROM "users" WHERE "users"."id" = $1 LIMIT $2[0m  [["id", 1], ["LIMIT", 1]]
  ↳ app/controllers/users_controller.rb:10
  Rendering users/show.html.erb within layouts/application
  Rendered users/show.html.erb within layouts/application (149.5ms)
Completed 500 Internal Server Error in 157ms (ActiveRecord: 1.2ms)


  
ActionView::Template::Error (undefined local variable or method `user' for #<#<Class:0x00007fa084897cc8>:0x00007fa06602f270>
Did you mean?  @user):
    1: <h1>Hello, <%= user.username%></h1>
  
app/views/users/show.html.erb:1:in `_app_views_users_show_html_erb__1880863670994535920_70163441467080'
app/controllers/users_controller.rb:11:in `show'
Started GET "/session/new" for ::1 at 2021-10-15 15:18:59 -0700
Processing by SessionsController#new as HTML
  Rendering sessions/new.html.erb within layouts/application
  Rendered sessions/new.html.erb within layouts/application (1.6ms)
  [1m[36mUser Load (0.7ms)[0m  [1m[34mSELECT  "users".* FROM "users" WHERE "users"."session_token" = $1 LIMIT $2[0m  [["session_token", "6s-njOAjxMYcb6ORfcLFRg"], ["LIMIT", 1]]
  ↳ app/controllers/application_controller.rb:6
Completed 200 OK in 42ms (Views: 38.9ms | ActiveRecord: 0.7ms)


Started POST "/session" for ::1 at 2021-10-15 15:19:02 -0700
Processing by SessionsController#create as HTML
  Parameters: {"authenticity_token"=>"YQ1fVmaAoEnOzTfr6NL0un4zx+hDyQ7L4c2NwWUImDzdW9ozAD0TCTWozBefuw/oVucyMBmqqXSIHlI1pqYyPg==", "user"=>{"username"=>"alex", "password"=>"[FILTERED]"}}
  [1m[36mUser Load (6.5ms)[0m  [1m[34mSELECT  "users".* FROM "users" WHERE "users"."username" = $1 LIMIT $2[0m  [["username", "alex"], ["LIMIT", 1]]
  ↳ app/models/user.rb:30
  [1m[35m (0.3ms)[0m  [1m[35mBEGIN[0m
  ↳ app/models/user.rb:25
  [1m[36mUser Exists (0.8ms)[0m  [1m[34mSELECT  1 AS one FROM "users" WHERE "users"."username" = $1 AND "users"."id" != $2 LIMIT $3[0m  [["username", "alex"], ["id", 1], ["LIMIT", 1]]
  ↳ app/models/user.rb:25
  [1m[36mUser Exists (0.4ms)[0m  [1m[34mSELECT  1 AS one FROM "users" WHERE "users"."session_token" = $1 AND "users"."id" != $2 LIMIT $3[0m  [["session_token", "4mJLvRrYYspL4ii6lYO_Sw"], ["id", 1], ["LIMIT", 1]]
  ↳ app/models/user.rb:25
  [1m[36mUser Update (1.2ms)[0m  [1m[33mUPDATE "users" SET "session_token" = $1, "updated_at" = $2 WHERE "users"."id" = $3[0m  [["session_token", "4mJLvRrYYspL4ii6lYO_Sw"], ["updated_at", "2021-10-15 22:19:03.181943"], ["id", 1]]
  ↳ app/models/user.rb:25
  [1m[35m (0.8ms)[0m  [1m[35mCOMMIT[0m
  ↳ app/models/user.rb:25
Redirected to http://localhost:3000/users/1
Completed 302 Found in 321ms (ActiveRecord: 10.0ms)


Started GET "/users/1" for ::1 at 2021-10-15 15:19:03 -0700
Processing by UsersController#show as HTML
  Parameters: {"id"=>"1"}
  [1m[36mUser Load (1.1ms)[0m  [1m[34mSELECT  "users".* FROM "users" WHERE "users"."session_token" = $1 LIMIT $2[0m  [["session_token", "4mJLvRrYYspL4ii6lYO_Sw"], ["LIMIT", 1]]
  ↳ app/controllers/application_controller.rb:6
  [1m[36mUser Load (0.5ms)[0m  [1m[34mSELECT  "users".* FROM "users" WHERE "users"."id" = $1 LIMIT $2[0m  [["id", 1], ["LIMIT", 1]]
  ↳ app/controllers/users_controller.rb:10
  Rendering users/show.html.erb within layouts/application
  Rendered users/show.html.erb within layouts/application (0.3ms)
Completed 200 OK in 15ms (Views: 12.5ms | ActiveRecord: 1.7ms)


Started GET "/session/new" for ::1 at 2021-10-15 15:25:16 -0700
Processing by SessionsController#new as HTML
  Rendering sessions/new.html.erb within layouts/application
  Rendered sessions/new.html.erb within layouts/application (1.9ms)
  [1m[36mUser Load (1.1ms)[0m  [1m[34mSELECT  "users".* FROM "users" WHERE "users"."session_token" = $1 LIMIT $2[0m  [["session_token", "4mJLvRrYYspL4ii6lYO_Sw"], ["LIMIT", 1]]
  ↳ app/controllers/application_controller.rb:6
Completed 200 OK in 45ms (Views: 41.3ms | ActiveRecord: 1.5ms)


Started POST "/session" for ::1 at 2021-10-15 15:25:40 -0700
Processing by SessionsController#create as HTML
  Parameters: {"authenticity_token"=>"WI9Nvfg38CfR0JWeRHF+NxwGzSY/Avy6Oufgit033Y7k2cjYnopDZyq1bmIzGIVlNNI4/mVhWwVTND9+Hpl3jA==", "user"=>{"username"=>"alex", "password"=>"[FILTERED]"}}
  [1m[36mUser Load (4.8ms)[0m  [1m[34mSELECT  "users".* FROM "users" WHERE "users"."username" = $1 LIMIT $2[0m  [["username", "alex"], ["LIMIT", 1]]
  ↳ app/models/user.rb:30
  [1m[35m (0.5ms)[0m  [1m[35mBEGIN[0m
  ↳ app/models/user.rb:25
  [1m[36mUser Exists (4.4ms)[0m  [1m[34mSELECT  1 AS one FROM "users" WHERE "users"."username" = $1 AND "users"."id" != $2 LIMIT $3[0m  [["username", "alex"], ["id", 1], ["LIMIT", 1]]
  ↳ app/models/user.rb:25
  [1m[36mUser Exists (0.6ms)[0m  [1m[34mSELECT  1 AS one FROM "users" WHERE "users"."session_token" = $1 AND "users"."id" != $2 LIMIT $3[0m  [["session_token", "zZ13mkXb-_YI0m9ckc5kPw"], ["id", 1], ["LIMIT", 1]]
  ↳ app/models/user.rb:25
  [1m[36mUser Update (1.1ms)[0m  [1m[33mUPDATE "users" SET "session_token" = $1, "updated_at" = $2 WHERE "users"."id" = $3[0m  [["session_token", "zZ13mkXb-_YI0m9ckc5kPw"], ["updated_at", "2021-10-15 22:25:40.506393"], ["id", 1]]
  ↳ app/models/user.rb:25
  [1m[35m (2.0ms)[0m  [1m[35mCOMMIT[0m
  ↳ app/models/user.rb:25
Redirected to http://localhost:3000/users/1
Completed 302 Found in 320ms (ActiveRecord: 13.4ms)


Started GET "/users/1" for ::1 at 2021-10-15 15:25:40 -0700
Processing by UsersController#show as HTML
  Parameters: {"id"=>"1"}
  [1m[36mUser Load (0.6ms)[0m  [1m[34mSELECT  "users".* FROM "users" WHERE "users"."session_token" = $1 LIMIT $2[0m  [["session_token", "zZ13mkXb-_YI0m9ckc5kPw"], ["LIMIT", 1]]
  ↳ app/controllers/application_controller.rb:6
  [1m[36mUser Load (0.3ms)[0m  [1m[34mSELECT  "users".* FROM "users" WHERE "users"."id" = $1 LIMIT $2[0m  [["id", 1], ["LIMIT", 1]]
  ↳ app/controllers/users_controller.rb:10
  Rendering users/show.html.erb within layouts/application
  Rendered users/show.html.erb within layouts/application (0.5ms)
Completed 200 OK in 30ms (Views: 27.3ms | ActiveRecord: 0.9ms)


Started DELETE "/session" for ::1 at 2021-10-15 15:27:18 -0700
Processing by SessionsController#destroy as HTML
  Parameters: {"authenticity_token"=>"juYqPTejZsJ3rL4Fo9aglTtP0q2K4gVnZUOnYfuhwLUysK9YUR7VgozJRfnUv1vHE5snddCBotgMkHiVOA9qtw=="}
  [1m[36mUser Load (3.5ms)[0m  [1m[34mSELECT  "users".* FROM "users" WHERE "users"."session_token" = $1 LIMIT $2[0m  [["session_token", "zZ13mkXb-_YI0m9ckc5kPw"], ["LIMIT", 1]]
  ↳ app/controllers/application_controller.rb:6
  [1m[35m (0.4ms)[0m  [1m[35mBEGIN[0m
  ↳ app/models/user.rb:25
  [1m[36mUser Exists (1.1ms)[0m  [1m[34mSELECT  1 AS one FROM "users" WHERE "users"."username" = $1 AND "users"."id" != $2 LIMIT $3[0m  [["username", "alex"], ["id", 1], ["LIMIT", 1]]
  ↳ app/models/user.rb:25
  [1m[36mUser Exists (1.0ms)[0m  [1m[34mSELECT  1 AS one FROM "users" WHERE "users"."session_token" = $1 AND "users"."id" != $2 LIMIT $3[0m  [["session_token", "SDTWoOv7SfumrPi57W3cZw"], ["id", 1], ["LIMIT", 1]]
  ↳ app/models/user.rb:25
  [1m[36mUser Update (1.2ms)[0m  [1m[33mUPDATE "users" SET "session_token" = $1, "updated_at" = $2 WHERE "users"."id" = $3[0m  [["session_token", "SDTWoOv7SfumrPi57W3cZw"], ["updated_at", "2021-10-15 22:27:18.298709"], ["id", 1]]
  ↳ app/models/user.rb:25
  [1m[35m (1.4ms)[0m  [1m[35mCOMMIT[0m
  ↳ app/models/user.rb:25
Redirected to http://localhost:3000/session/new
Completed 302 Found in 34ms (ActiveRecord: 8.6ms)


Started GET "/session/new" for ::1 at 2021-10-15 15:27:18 -0700
Processing by SessionsController#new as HTML
  Rendering sessions/new.html.erb within layouts/application
  Rendered sessions/new.html.erb within layouts/application (1.1ms)
Completed 200 OK in 46ms (Views: 44.6ms | ActiveRecord: 0.0ms)


Started GET "/session/new" for ::1 at 2021-10-15 15:27:19 -0700
Processing by SessionsController#new as HTML
  Rendering sessions/new.html.erb within layouts/application
  Rendered sessions/new.html.erb within layouts/application (1.2ms)
Completed 200 OK in 45ms (Views: 43.5ms | ActiveRecord: 0.0ms)


Started GET "/session/new" for ::1 at 2021-10-15 15:27:20 -0700
Processing by SessionsController#new as HTML
  Rendering sessions/new.html.erb within layouts/application
  Rendered sessions/new.html.erb within layouts/application (1.1ms)
Completed 200 OK in 45ms (Views: 43.8ms | ActiveRecord: 0.0ms)


Started GET "/session/new" for ::1 at 2021-10-15 15:27:21 -0700
Processing by SessionsController#new as HTML
  Rendering sessions/new.html.erb within layouts/application
  Rendered sessions/new.html.erb within layouts/application (1.0ms)
Completed 200 OK in 40ms (Views: 38.9ms | ActiveRecord: 0.0ms)


Started POST "/session" for ::1 at 2021-10-15 15:27:40 -0700
Processing by SessionsController#create as HTML
  Parameters: {"authenticity_token"=>"0+aRllBVcf+jJAF8rytJa+m8wePaVs0aTgjGCD/ENRZvsBTzNujCv1hB+oDYQrI5wWg0O4A1aqUn2xn8/GqfFA==", "user"=>{"username"=>"alex", "password"=>"[FILTERED]"}}
  [1m[36mUser Load (1.2ms)[0m  [1m[34mSELECT  "users".* FROM "users" WHERE "users"."username" = $1 LIMIT $2[0m  [["username", "alex"], ["LIMIT", 1]]
  ↳ app/models/user.rb:30
  [1m[35m (0.3ms)[0m  [1m[35mBEGIN[0m
  ↳ app/models/user.rb:25
  [1m[36mUser Exists (0.8ms)[0m  [1m[34mSELECT  1 AS one FROM "users" WHERE "users"."username" = $1 AND "users"."id" != $2 LIMIT $3[0m  [["username", "alex"], ["id", 1], ["LIMIT", 1]]
  ↳ app/models/user.rb:25
  [1m[36mUser Exists (0.6ms)[0m  [1m[34mSELECT  1 AS one FROM "users" WHERE "users"."session_token" = $1 AND "users"."id" != $2 LIMIT $3[0m  [["session_token", "Jn0RQ3h_TwJk5jwxfj9qow"], ["id", 1], ["LIMIT", 1]]
  ↳ app/models/user.rb:25
  [1m[36mUser Update (0.6ms)[0m  [1m[33mUPDATE "users" SET "session_token" = $1, "updated_at" = $2 WHERE "users"."id" = $3[0m  [["session_token", "Jn0RQ3h_TwJk5jwxfj9qow"], ["updated_at", "2021-10-15 22:27:41.200567"], ["id", 1]]
  ↳ app/models/user.rb:25
  [1m[35m (3.9ms)[0m  [1m[35mCOMMIT[0m
  ↳ app/models/user.rb:25
Redirected to http://localhost:3000/users/1
Completed 302 Found in 313ms (ActiveRecord: 7.4ms)


Started GET "/users/1" for ::1 at 2021-10-15 15:27:41 -0700
Processing by UsersController#show as HTML
  Parameters: {"id"=>"1"}
  [1m[36mUser Load (0.8ms)[0m  [1m[34mSELECT  "users".* FROM "users" WHERE "users"."session_token" = $1 LIMIT $2[0m  [["session_token", "Jn0RQ3h_TwJk5jwxfj9qow"], ["LIMIT", 1]]
  ↳ app/controllers/application_controller.rb:6
  [1m[36mUser Load (0.4ms)[0m  [1m[34mSELECT  "users".* FROM "users" WHERE "users"."id" = $1 LIMIT $2[0m  [["id", 1], ["LIMIT", 1]]
  ↳ app/controllers/users_controller.rb:10
  Rendering users/show.html.erb within layouts/application
  Rendered users/show.html.erb within layouts/application (4.3ms)
Completed 200 OK in 23ms (Views: 20.1ms | ActiveRecord: 1.1ms)


Started DELETE "/session" for ::1 at 2021-10-15 15:27:52 -0700
Processing by SessionsController#destroy as HTML
  Parameters: {"authenticity_token"=>"TmhpO82Urjfcr6MiMfcRWhQ6CvfCaCotwSiQiviUOAjyPuxeqykddyfKWN5GnuoIPO7/L5gLjZKo+09+OzqSCg=="}
  [1m[36mUser Load (8.9ms)[0m  [1m[34mSELECT  "users".* FROM "users" WHERE "users"."session_token" = $1 LIMIT $2[0m  [["session_token", "Jn0RQ3h_TwJk5jwxfj9qow"], ["LIMIT", 1]]
  ↳ app/controllers/application_controller.rb:6
  [1m[35m (0.3ms)[0m  [1m[35mBEGIN[0m
  ↳ app/models/user.rb:25
  [1m[36mUser Exists (1.6ms)[0m  [1m[34mSELECT  1 AS one FROM "users" WHERE "users"."username" = $1 AND "users"."id" != $2 LIMIT $3[0m  [["username", "alex"], ["id", 1], ["LIMIT", 1]]
  ↳ app/models/user.rb:25
  [1m[36mUser Exists (4.8ms)[0m  [1m[34mSELECT  1 AS one FROM "users" WHERE "users"."session_token" = $1 AND "users"."id" != $2 LIMIT $3[0m  [["session_token", "TBJYjAApAM0O5q00gKrdRQ"], ["id", 1], ["LIMIT", 1]]
  ↳ app/models/user.rb:25
  [1m[36mUser Update (1.5ms)[0m  [1m[33mUPDATE "users" SET "session_token" = $1, "updated_at" = $2 WHERE "users"."id" = $3[0m  [["session_token", "TBJYjAApAM0O5q00gKrdRQ"], ["updated_at", "2021-10-15 22:27:52.473568"], ["id", 1]]
  ↳ app/models/user.rb:25
  [1m[35m (0.7ms)[0m  [1m[35mCOMMIT[0m
  ↳ app/models/user.rb:25
Redirected to http://localhost:3000/session/new
Completed 302 Found in 34ms (ActiveRecord: 17.7ms)


Started GET "/session/new" for ::1 at 2021-10-15 15:27:52 -0700
Processing by SessionsController#new as HTML
  Rendering sessions/new.html.erb within layouts/application
  Rendered sessions/new.html.erb within layouts/application (1.4ms)
Completed 200 OK in 40ms (Views: 37.2ms | ActiveRecord: 0.0ms)


Started POST "/session" for ::1 at 2021-10-15 15:28:03 -0700
Processing by SessionsController#create as HTML
  Parameters: {"authenticity_token"=>"wi/91IPr9kHj5fKBxCG6V/Rapoxki62i5itJYyINpKd+eXix5VZFARiACX2zSEEF3I5TVD7oCh2P+JaX4aMOpQ==", "user"=>{"username"=>"alex", "password"=>"[FILTERED]"}}
  [1m[36mUser Load (0.8ms)[0m  [1m[34mSELECT  "users".* FROM "users" WHERE "users"."username" = $1 LIMIT $2[0m  [["username", "alex"], ["LIMIT", 1]]
  ↳ app/models/user.rb:30
  [1m[35m (0.7ms)[0m  [1m[35mBEGIN[0m
  ↳ app/models/user.rb:25
  [1m[36mUser Exists (4.2ms)[0m  [1m[34mSELECT  1 AS one FROM "users" WHERE "users"."username" = $1 AND "users"."id" != $2 LIMIT $3[0m  [["username", "alex"], ["id", 1], ["LIMIT", 1]]
  ↳ app/models/user.rb:25
  [1m[36mUser Exists (0.8ms)[0m  [1m[34mSELECT  1 AS one FROM "users" WHERE "users"."session_token" = $1 AND "users"."id" != $2 LIMIT $3[0m  [["session_token", "Q95qmmEvD6DQbZZ_uxqmqw"], ["id", 1], ["LIMIT", 1]]
  ↳ app/models/user.rb:25
  [1m[36mUser Update (0.6ms)[0m  [1m[33mUPDATE "users" SET "session_token" = $1, "updated_at" = $2 WHERE "users"."id" = $3[0m  [["session_token", "Q95qmmEvD6DQbZZ_uxqmqw"], ["updated_at", "2021-10-15 22:28:03.746026"], ["id", 1]]
  ↳ app/models/user.rb:25
  [1m[35m (0.8ms)[0m  [1m[35mCOMMIT[0m
  ↳ app/models/user.rb:25
Redirected to http://localhost:3000/users/1
Completed 302 Found in 330ms (ActiveRecord: 8.0ms)


Started GET "/users/1" for ::1 at 2021-10-15 15:28:03 -0700
Processing by UsersController#show as HTML
  Parameters: {"id"=>"1"}
  [1m[36mUser Load (4.3ms)[0m  [1m[34mSELECT  "users".* FROM "users" WHERE "users"."session_token" = $1 LIMIT $2[0m  [["session_token", "Q95qmmEvD6DQbZZ_uxqmqw"], ["LIMIT", 1]]
  ↳ app/controllers/application_controller.rb:6
  [1m[36mUser Load (0.6ms)[0m  [1m[34mSELECT  "users".* FROM "users" WHERE "users"."id" = $1 LIMIT $2[0m  [["id", 1], ["LIMIT", 1]]
  ↳ app/controllers/users_controller.rb:10
  Rendering users/show.html.erb within layouts/application
  Rendered users/show.html.erb within layouts/application (0.3ms)
Completed 200 OK in 20ms (Views: 14.3ms | ActiveRecord: 4.9ms)


Started DELETE "/session" for ::1 at 2021-10-15 15:28:24 -0700
Processing by SessionsController#destroy as HTML
  Parameters: {"authenticity_token"=>"Yxcoth70e3vqpvZluyEOE8eW+gZ2WkhL3VBDUKG+fCffQa3TeEnIOxHDDZnMSPVB70IP3iw57/S0g5ykYhDWJQ=="}
  [1m[36mUser Load (1.3ms)[0m  [1m[34mSELECT  "users".* FROM "users" WHERE "users"."session_token" = $1 LIMIT $2[0m  [["session_token", "Q95qmmEvD6DQbZZ_uxqmqw"], ["LIMIT", 1]]
  ↳ app/controllers/application_controller.rb:6
  [1m[35m (0.5ms)[0m  [1m[35mBEGIN[0m
  ↳ app/models/user.rb:25
  [1m[36mUser Exists (5.3ms)[0m  [1m[34mSELECT  1 AS one FROM "users" WHERE "users"."username" = $1 AND "users"."id" != $2 LIMIT $3[0m  [["username", "alex"], ["id", 1], ["LIMIT", 1]]
  ↳ app/models/user.rb:25
  [1m[36mUser Exists (1.6ms)[0m  [1m[34mSELECT  1 AS one FROM "users" WHERE "users"."session_token" = $1 AND "users"."id" != $2 LIMIT $3[0m  [["session_token", "XgyZfOeypWJwaJvWh7Z50Q"], ["id", 1], ["LIMIT", 1]]
  ↳ app/models/user.rb:25
  [1m[36mUser Update (1.3ms)[0m  [1m[33mUPDATE "users" SET "session_token" = $1, "updated_at" = $2 WHERE "users"."id" = $3[0m  [["session_token", "XgyZfOeypWJwaJvWh7Z50Q"], ["updated_at", "2021-10-15 22:28:24.822555"], ["id", 1]]
  ↳ app/models/user.rb:25
  [1m[35m (1.1ms)[0m  [1m[35mCOMMIT[0m
  ↳ app/models/user.rb:25
Redirected to http://localhost:3000/session/new
Completed 302 Found in 31ms (ActiveRecord: 11.1ms)


Started GET "/session/new" for ::1 at 2021-10-15 15:28:24 -0700
Processing by SessionsController#new as HTML
  Rendering sessions/new.html.erb within layouts/application
  Rendered sessions/new.html.erb within layouts/application (1.5ms)
Completed 200 OK in 60ms (Views: 59.2ms | ActiveRecord: 0.0ms)


Started GET "/session/new" for ::1 at 2021-10-15 15:28:26 -0700
Processing by SessionsController#new as HTML
  Rendering sessions/new.html.erb within layouts/application
  Rendered sessions/new.html.erb within layouts/application (0.9ms)
Completed 200 OK in 37ms (Views: 22.4ms | ActiveRecord: 0.0ms)


Started POST "/session" for ::1 at 2021-10-15 15:28:31 -0700
Processing by SessionsController#create as HTML
  Parameters: {"authenticity_token"=>"onVhCIoK67tOb0T0O8dmwA7sk/Od18IRQEPsVqQs/WYeI+Rt7LdY+7UKvwhMrp2SJjhmK8e0Za4pkDOiZ4JXZA==", "user"=>{"username"=>"alex", "password"=>"[FILTERED]"}}
  [1m[36mUser Load (1.8ms)[0m  [1m[34mSELECT  "users".* FROM "users" WHERE "users"."username" = $1 LIMIT $2[0m  [["username", "alex"], ["LIMIT", 1]]
  ↳ app/models/user.rb:30
  [1m[35m (3.1ms)[0m  [1m[35mBEGIN[0m
  ↳ app/models/user.rb:25
  [1m[36mUser Exists (1.2ms)[0m  [1m[34mSELECT  1 AS one FROM "users" WHERE "users"."username" = $1 AND "users"."id" != $2 LIMIT $3[0m  [["username", "alex"], ["id", 1], ["LIMIT", 1]]
  ↳ app/models/user.rb:25
  [1m[36mUser Exists (0.7ms)[0m  [1m[34mSELECT  1 AS one FROM "users" WHERE "users"."session_token" = $1 AND "users"."id" != $2 LIMIT $3[0m  [["session_token", "gExCob2uib_gM9OOj7g--w"], ["id", 1], ["LIMIT", 1]]
  ↳ app/models/user.rb:25
  [1m[36mUser Update (1.6ms)[0m  [1m[33mUPDATE "users" SET "session_token" = $1, "updated_at" = $2 WHERE "users"."id" = $3[0m  [["session_token", "gExCob2uib_gM9OOj7g--w"], ["updated_at", "2021-10-15 22:28:31.619292"], ["id", 1]]
  ↳ app/models/user.rb:25
  [1m[35m (0.6ms)[0m  [1m[35mCOMMIT[0m
  ↳ app/models/user.rb:25
Redirected to http://localhost:3000/users/1
Completed 302 Found in 325ms (ActiveRecord: 8.9ms)


Started GET "/users/1" for ::1 at 2021-10-15 15:28:31 -0700
Processing by UsersController#show as HTML
  Parameters: {"id"=>"1"}
  [1m[36mUser Load (2.3ms)[0m  [1m[34mSELECT  "users".* FROM "users" WHERE "users"."session_token" = $1 LIMIT $2[0m  [["session_token", "gExCob2uib_gM9OOj7g--w"], ["LIMIT", 1]]
  ↳ app/controllers/application_controller.rb:6
  [1m[36mUser Load (0.6ms)[0m  [1m[34mSELECT  "users".* FROM "users" WHERE "users"."id" = $1 LIMIT $2[0m  [["id", 1], ["LIMIT", 1]]
  ↳ app/controllers/users_controller.rb:10
  Rendering users/show.html.erb within layouts/application
  Rendered users/show.html.erb within layouts/application (0.3ms)
Completed 200 OK in 17ms (Views: 12.6ms | ActiveRecord: 3.0ms)


Started GET "/users" for ::1 at 2021-10-15 15:28:41 -0700
Processing by UsersController#index as HTML
  [1m[36mUser Load (0.9ms)[0m  [1m[34mSELECT  "users".* FROM "users" WHERE "users"."session_token" = $1 LIMIT $2[0m  [["session_token", "gExCob2uib_gM9OOj7g--w"], ["LIMIT", 1]]
  ↳ app/controllers/application_controller.rb:6
  Rendering users/index.html.erb within layouts/application
  [1m[36mUser Load (0.7ms)[0m  [1m[34mSELECT "users".* FROM "users"[0m
  ↳ app/views/users/index.html.erb:3
  Rendered users/index.html.erb within layouts/application (2.4ms)
Completed 200 OK in 34ms (Views: 27.7ms | ActiveRecord: 1.6ms)


Started GET "/users/1" for ::1 at 2021-10-15 15:28:42 -0700
Processing by UsersController#show as HTML
  Parameters: {"id"=>"1"}
  [1m[36mUser Load (0.8ms)[0m  [1m[34mSELECT  "users".* FROM "users" WHERE "users"."session_token" = $1 LIMIT $2[0m  [["session_token", "gExCob2uib_gM9OOj7g--w"], ["LIMIT", 1]]
  ↳ app/controllers/application_controller.rb:6
  [1m[36mUser Load (8.0ms)[0m  [1m[34mSELECT  "users".* FROM "users" WHERE "users"."id" = $1 LIMIT $2[0m  [["id", 1], ["LIMIT", 1]]
  ↳ app/controllers/users_controller.rb:10
  Rendering users/show.html.erb within layouts/application
  Rendered users/show.html.erb within layouts/application (0.6ms)
Completed 200 OK in 41ms (Views: 27.7ms | ActiveRecord: 8.8ms)


  [1m[35m (601.6ms)[0m  [1m[35mCREATE DATABASE "RedditClone_development" ENCODING = 'unicode'[0m
  ↳ bin/rails:9
  [1m[35m (663.9ms)[0m  [1m[35mCREATE DATABASE "RedditClone_test" ENCODING = 'unicode'[0m
  ↳ bin/rails:9
  [1m[35m (12.5ms)[0m  [1m[35mCREATE TABLE "schema_migrations" ("version" character varying NOT NULL PRIMARY KEY)[0m
  ↳ bin/rails:9
  [1m[35m (5.8ms)[0m  [1m[35mCREATE TABLE "ar_internal_metadata" ("key" character varying NOT NULL PRIMARY KEY, "value" character varying, "created_at" timestamp NOT NULL, "updated_at" timestamp NOT NULL)[0m
  ↳ bin/rails:9
  [1m[35m (26.2ms)[0m  [1m[34mSELECT pg_try_advisory_lock(6711173107426626090)[0m
  ↳ bin/rails:9
  [1m[35m (0.8ms)[0m  [1m[34mSELECT "schema_migrations"."version" FROM "schema_migrations" ORDER BY "schema_migrations"."version" ASC[0m
  ↳ bin/rails:9
Migrating to CreateUsers (20211015205511)
  [1m[35m (21.2ms)[0m  [1m[35mBEGIN[0m
  ↳ bin/rails:9
  [1m[35m (16.5ms)[0m  [1m[35mCREATE TABLE "users" ("id" bigserial primary key, "username" character varying NOT NULL, "session_token" character varying NOT NULL, "password_digest" character varying NOT NULL, "created_at" timestamp NOT NULL, "updated_at" timestamp NOT NULL)[0m
  ↳ db/migrate/20211015205511_create_users.rb:3
  [1m[35m (3.1ms)[0m  [1m[35mCREATE UNIQUE INDEX  "index_users_on_username" ON "users"  ("username")[0m
  ↳ db/migrate/20211015205511_create_users.rb:9
  [1m[35m (2.2ms)[0m  [1m[35mCREATE UNIQUE INDEX  "index_users_on_session_token" ON "users"  ("session_token")[0m
  ↳ db/migrate/20211015205511_create_users.rb:10
  [1m[36mActiveRecord::SchemaMigration Create (2.8ms)[0m  [1m[32mINSERT INTO "schema_migrations" ("version") VALUES ($1) RETURNING "version"[0m  [["version", "20211015205511"]]
  ↳ bin/rails:9
  [1m[35m (5.4ms)[0m  [1m[35mCOMMIT[0m
  ↳ bin/rails:9
Migrating to CreateSubs (20211015223314)
  [1m[35m (0.8ms)[0m  [1m[35mBEGIN[0m
  ↳ bin/rails:9
  [1m[35m (76.4ms)[0m  [1m[35mCREATE TABLE "subs" ("id" bigserial primary key, "title" character varying NOT NULL, "description" text NOT NULL, "moderator_id" integer NOT NULL, "created_at" timestamp NOT NULL, "updated_at" timestamp NOT NULL)[0m
  ↳ db/migrate/20211015223314_create_subs.rb:3
  [1m[35m (2.7ms)[0m  [1m[35mCREATE UNIQUE INDEX  "index_subs_on_moderator_id" ON "subs"  ("moderator_id")[0m
  ↳ db/migrate/20211015223314_create_subs.rb:9
  [1m[35m (2.1ms)[0m  [1m[35mCREATE UNIQUE INDEX  "index_subs_on_title" ON "subs"  ("title")[0m
  ↳ db/migrate/20211015223314_create_subs.rb:10
  [1m[36mActiveRecord::SchemaMigration Create (2.0ms)[0m  [1m[32mINSERT INTO "schema_migrations" ("version") VALUES ($1) RETURNING "version"[0m  [["version", "20211015223314"]]
  ↳ bin/rails:9
  [1m[35m (3.0ms)[0m  [1m[35mCOMMIT[0m
  ↳ bin/rails:9
  [1m[36mActiveRecord::InternalMetadata Load (0.7ms)[0m  [1m[34mSELECT  "ar_internal_metadata".* FROM "ar_internal_metadata" WHERE "ar_internal_metadata"."key" = $1 LIMIT $2[0m  [["key", "environment"], ["LIMIT", 1]]
  ↳ bin/rails:9
  [1m[35m (0.3ms)[0m  [1m[35mBEGIN[0m
  ↳ bin/rails:9
  [1m[36mActiveRecord::InternalMetadata Create (1.0ms)[0m  [1m[32mINSERT INTO "ar_internal_metadata" ("key", "value", "created_at", "updated_at") VALUES ($1, $2, $3, $4) RETURNING "key"[0m  [["key", "environment"], ["value", "development"], ["created_at", "2021-10-15 22:37:26.852297"], ["updated_at", "2021-10-15 22:37:26.852297"]]
  ↳ bin/rails:9
  [1m[35m (1.2ms)[0m  [1m[35mCOMMIT[0m
  ↳ bin/rails:9
  [1m[35m (1.0ms)[0m  [1m[34mSELECT pg_advisory_unlock(6711173107426626090)[0m
  ↳ bin/rails:9
  [1m[35m (3.4ms)[0m  [1m[34mSELECT "schema_migrations"."version" FROM "schema_migrations" ORDER BY "schema_migrations"."version" ASC[0m
  ↳ bin/rails:9
Started GET "/session/new" for ::1 at 2021-10-15 16:33:21 -0700
  [1m[35m (4.4ms)[0m  [1m[34mSELECT "schema_migrations"."version" FROM "schema_migrations" ORDER BY "schema_migrations"."version" ASC[0m
  ↳ /Users/alex/.rbenv/versions/2.5.1/lib/ruby/gems/2.5.0/gems/activerecord-5.2.6/lib/active_record/log_subscriber.rb:98
  
ActiveRecord::PendingMigrationError (

Migrations are pending. To resolve this issue, run:

        bin/rails db:migrate RAILS_ENV=development

):
  
activerecord (5.2.6) lib/active_record/migration.rb:579:in `check_pending!'
activerecord (5.2.6) lib/active_record/migration.rb:556:in `call'
actionpack (5.2.6) lib/action_dispatch/middleware/callbacks.rb:28:in `block in call'
activesupport (5.2.6) lib/active_support/callbacks.rb:98:in `run_callbacks'
actionpack (5.2.6) lib/action_dispatch/middleware/callbacks.rb:26:in `call'
actionpack (5.2.6) lib/action_dispatch/middleware/executor.rb:14:in `call'
actionpack (5.2.6) lib/action_dispatch/middleware/debug_exceptions.rb:61:in `call'
web-console (3.7.0) lib/web_console/middleware.rb:135:in `call_app'
web-console (3.7.0) lib/web_console/middleware.rb:30:in `block in call'
web-console (3.7.0) lib/web_console/middleware.rb:20:in `catch'
web-console (3.7.0) lib/web_console/middleware.rb:20:in `call'
actionpack (5.2.6) lib/action_dispatch/middleware/show_exceptions.rb:33:in `call'
railties (5.2.6) lib/rails/rack/logger.rb:38:in `call_app'
railties (5.2.6) lib/rails/rack/logger.rb:26:in `block in call'
activesupport (5.2.6) lib/active_support/tagged_logging.rb:71:in `block in tagged'
activesupport (5.2.6) lib/active_support/tagged_logging.rb:28:in `tagged'
activesupport (5.2.6) lib/active_support/tagged_logging.rb:71:in `tagged'
railties (5.2.6) lib/rails/rack/logger.rb:26:in `call'
sprockets-rails (3.2.2) lib/sprockets/rails/quiet_assets.rb:13:in `call'
actionpack (5.2.6) lib/action_dispatch/middleware/remote_ip.rb:81:in `call'
actionpack (5.2.6) lib/action_dispatch/middleware/request_id.rb:27:in `call'
rack (2.2.3) lib/rack/method_override.rb:24:in `call'
rack (2.2.3) lib/rack/runtime.rb:22:in `call'
activesupport (5.2.6) lib/active_support/cache/strategy/local_cache_middleware.rb:29:in `call'
actionpack (5.2.6) lib/action_dispatch/middleware/executor.rb:14:in `call'
actionpack (5.2.6) lib/action_dispatch/middleware/static.rb:127:in `call'
rack (2.2.3) lib/rack/sendfile.rb:110:in `call'
railties (5.2.6) lib/rails/engine.rb:524:in `call'
puma (3.12.6) lib/puma/configuration.rb:227:in `call'
puma (3.12.6) lib/puma/server.rb:706:in `handle_request'
puma (3.12.6) lib/puma/server.rb:476:in `process_client'
puma (3.12.6) lib/puma/server.rb:334:in `block in run'
puma (3.12.6) lib/puma/thread_pool.rb:135:in `block in spawn_thread'
  [1m[35m (6.3ms)[0m  [1m[34mSELECT pg_try_advisory_lock(6711173107426626090)[0m
  ↳ bin/rails:9
  [1m[35m (1.8ms)[0m  [1m[34mSELECT "schema_migrations"."version" FROM "schema_migrations" ORDER BY "schema_migrations"."version" ASC[0m
  ↳ bin/rails:9
Migrating to CreateSubs (20211015223314)
  [1m[35m (5.1ms)[0m  [1m[35mBEGIN[0m
  ↳ bin/rails:9
  [1m[35m (32.5ms)[0m  [1m[35mCREATE TABLE "subs" ("id" bigserial primary key, "title" character varying NOT NULL, "description" text NOT NULL, "moderator_id" integer NOT NULL, "created_at" timestamp NOT NULL, "updated_at" timestamp NOT NULL)[0m
  ↳ db/migrate/20211015223314_create_subs.rb:3
  [1m[35m (1.3ms)[0m  [1m[35mCREATE UNIQUE INDEX  "index_subs_on_moderator_id" ON "subs"  ("moderator_id")[0m
  ↳ db/migrate/20211015223314_create_subs.rb:9
  [1m[35m (3.8ms)[0m  [1m[35mCREATE UNIQUE INDEX  "index_subs_on_title" ON "subs"  ("title")[0m
  ↳ db/migrate/20211015223314_create_subs.rb:10
  [1m[36mActiveRecord::SchemaMigration Create (9.3ms)[0m  [1m[32mINSERT INTO "schema_migrations" ("version") VALUES ($1) RETURNING "version"[0m  [["version", "20211015223314"]]
  ↳ bin/rails:9
  [1m[35m (1.6ms)[0m  [1m[35mCOMMIT[0m
  ↳ bin/rails:9
  [1m[36mActiveRecord::InternalMetadata Load (2.8ms)[0m  [1m[34mSELECT  "ar_internal_metadata".* FROM "ar_internal_metadata" WHERE "ar_internal_metadata"."key" = $1 LIMIT $2[0m  [["key", "environment"], ["LIMIT", 1]]
  ↳ bin/rails:9
  [1m[35m (0.4ms)[0m  [1m[35mBEGIN[0m
  ↳ bin/rails:9
  [1m[35m (0.1ms)[0m  [1m[35mCOMMIT[0m
  ↳ bin/rails:9
  [1m[35m (0.8ms)[0m  [1m[34mSELECT pg_advisory_unlock(6711173107426626090)[0m
  ↳ bin/rails:9
  [1m[35m (0.3ms)[0m  [1m[34mSELECT "schema_migrations"."version" FROM "schema_migrations" ORDER BY "schema_migrations"."version" ASC[0m
  ↳ bin/rails:9
Started GET "/users/1" for ::1 at 2021-10-15 16:33:50 -0700
  [1m[35m (1.5ms)[0m  [1m[34mSELECT "schema_migrations"."version" FROM "schema_migrations" ORDER BY "schema_migrations"."version" ASC[0m
  ↳ /Users/alex/.rbenv/versions/2.5.1/lib/ruby/gems/2.5.0/gems/activerecord-5.2.6/lib/active_record/log_subscriber.rb:98
Processing by UsersController#show as HTML
  Parameters: {"id"=>"1"}
Redirected to http://localhost:3000/session/new
Filter chain halted as :require_logged_in rendered or redirected
Completed 302 Found in 5ms (ActiveRecord: 0.0ms)


Started GET "/session/new" for ::1 at 2021-10-15 16:33:50 -0700
Processing by SessionsController#new as HTML
  Rendering sessions/new.html.erb within layouts/application
  Rendered sessions/new.html.erb within layouts/application (1.5ms)
Completed 200 OK in 168ms (Views: 167.4ms | ActiveRecord: 0.0ms)


Started POST "/session" for ::1 at 2021-10-15 16:33:59 -0700
Processing by SessionsController#create as HTML
  Parameters: {"authenticity_token"=>"OpJtWrUZXUNL7h9k4zi2YMM3Lr7fXG5Ar5s+ojqPgyCGxOg/06TuA7CL5JiUUU0y6+PbZoU/yf/GSOFW+SEpIg==", "user"=>{"username"=>"alex", "password"=>"[FILTERED]"}}
  [1m[36mUser Load (1.9ms)[0m  [1m[34mSELECT  "users".* FROM "users" WHERE "users"."username" = $1 LIMIT $2[0m  [["username", "alex"], ["LIMIT", 1]]
  ↳ app/models/user.rb:35
  [1m[35m (0.4ms)[0m  [1m[35mBEGIN[0m
  ↳ app/models/user.rb:30
  [1m[36mUser Exists (1.2ms)[0m  [1m[34mSELECT  1 AS one FROM "users" WHERE "users"."username" = $1 AND "users"."id" != $2 LIMIT $3[0m  [["username", "alex"], ["id", 1], ["LIMIT", 1]]
  ↳ app/models/user.rb:30
  [1m[36mUser Exists (0.5ms)[0m  [1m[34mSELECT  1 AS one FROM "users" WHERE "users"."session_token" = $1 AND "users"."id" != $2 LIMIT $3[0m  [["session_token", "m3w2L13g4tzYk3TBn-JyyA"], ["id", 1], ["LIMIT", 1]]
  ↳ app/models/user.rb:30
  [1m[36mUser Update (3.0ms)[0m  [1m[33mUPDATE "users" SET "session_token" = $1, "updated_at" = $2 WHERE "users"."id" = $3[0m  [["session_token", "m3w2L13g4tzYk3TBn-JyyA"], ["updated_at", "2021-10-15 23:33:59.776854"], ["id", 1]]
  ↳ app/models/user.rb:30
  [1m[35m (0.6ms)[0m  [1m[35mCOMMIT[0m
  ↳ app/models/user.rb:30
Redirected to http://localhost:3000/users/1
Completed 302 Found in 371ms (ActiveRecord: 34.8ms)


Started GET "/users/1" for ::1 at 2021-10-15 16:33:59 -0700
Processing by UsersController#show as HTML
  Parameters: {"id"=>"1"}
  [1m[36mUser Load (2.0ms)[0m  [1m[34mSELECT  "users".* FROM "users" WHERE "users"."session_token" = $1 LIMIT $2[0m  [["session_token", "m3w2L13g4tzYk3TBn-JyyA"], ["LIMIT", 1]]
  ↳ app/controllers/application_controller.rb:6
  [1m[36mUser Load (0.3ms)[0m  [1m[34mSELECT  "users".* FROM "users" WHERE "users"."id" = $1 LIMIT $2[0m  [["id", 1], ["LIMIT", 1]]
  ↳ app/controllers/users_controller.rb:10
  Rendering users/show.html.erb within layouts/application
  Rendered users/show.html.erb within layouts/application (0.4ms)
Completed 200 OK in 20ms (Views: 15.0ms | ActiveRecord: 2.3ms)


Started GET "/subs" for ::1 at 2021-10-15 16:34:03 -0700
Processing by SubsController#index as HTML
  Rendering subs/index.html.erb within layouts/application
  [1m[36mSub Load (2.3ms)[0m  [1m[34mSELECT "subs".* FROM "subs"[0m
  ↳ app/views/subs/index.html.erb:3
  Rendered subs/index.html.erb within layouts/application (9.7ms)
  [1m[36mUser Load (1.3ms)[0m  [1m[34mSELECT  "users".* FROM "users" WHERE "users"."session_token" = $1 LIMIT $2[0m  [["session_token", "m3w2L13g4tzYk3TBn-JyyA"], ["LIMIT", 1]]
  ↳ app/controllers/application_controller.rb:6
Completed 200 OK in 45ms (Views: 28.2ms | ActiveRecord: 7.1ms)


Started GET "/subs/new" for ::1 at 2021-10-15 16:37:31 -0700
Processing by SubsController#new as HTML
  Rendering subs/new.html.erb within layouts/application
  Rendered subs/new.html.erb within layouts/application (1.2ms)
  [1m[36mUser Load (1.3ms)[0m  [1m[34mSELECT  "users".* FROM "users" WHERE "users"."session_token" = $1 LIMIT $2[0m  [["session_token", "m3w2L13g4tzYk3TBn-JyyA"], ["LIMIT", 1]]
  ↳ app/controllers/application_controller.rb:6
Completed 200 OK in 65ms (Views: 36.2ms | ActiveRecord: 17.6ms)


Started POST "/subs" for ::1 at 2021-10-15 16:37:55 -0700
Processing by SubsController#create as HTML
  Parameters: {"authenticity_token"=>"MA4NyyJbbiu+xWUaoKC069XUAO2/rKxjVMJN1HE9H96MWIiuRObda0WgnubXyU+5/QD1NeXPC9w9EZIgspO13A==", "subs"=>{"title"=>"Subs", "description"=>"dsafsdfsdfsdfsdsdsadfa"}}
Completed 400 Bad Request in 4ms (ActiveRecord: 0.0ms)


  
ActionController::ParameterMissing (param is missing or the value is empty: sub):
  
app/controllers/subs_controller.rb:49:in `sub_params'
app/controllers/subs_controller.rb:19:in `create'
Started GET "/subs/new" for ::1 at 2021-10-15 16:38:19 -0700
Processing by SubsController#new as HTML
  Rendering subs/new.html.erb within layouts/application
  Rendered subs/new.html.erb within layouts/application (0.9ms)
  [1m[36mUser Load (0.7ms)[0m  [1m[34mSELECT  "users".* FROM "users" WHERE "users"."session_token" = $1 LIMIT $2[0m  [["session_token", "m3w2L13g4tzYk3TBn-JyyA"], ["LIMIT", 1]]
  ↳ app/controllers/application_controller.rb:6
Completed 200 OK in 80ms (Views: 33.5ms | ActiveRecord: 37.1ms)


Started POST "/subs" for ::1 at 2021-10-15 16:38:23 -0700
Processing by SubsController#create as HTML
  Parameters: {"authenticity_token"=>"uojFOPBPQ1IJVeiZdfdM0AwvtHEN7HTiaGpJMvNErjMG3kBdlvLwEvIwE2UCnreCJPtBqVeP010BuZbGMOoEMQ==", "subs"=>{"title"=>"Subs", "description"=>"adsfsdfdsfdsfsdafdsfsadfadaf"}}
  [1m[35m (0.5ms)[0m  [1m[35mBEGIN[0m
  ↳ app/controllers/subs_controller.rb:20
  [1m[36mSub Exists (0.8ms)[0m  [1m[34mSELECT  1 AS one FROM "subs" WHERE "subs"."title" = $1 LIMIT $2[0m  [["title", "Subs"], ["LIMIT", 1]]
  ↳ app/controllers/subs_controller.rb:20
  [1m[36mSub Exists (0.4ms)[0m  [1m[34mSELECT  1 AS one FROM "subs" WHERE "subs"."moderator_id" IS NULL LIMIT $1[0m  [["LIMIT", 1]]
  ↳ app/controllers/subs_controller.rb:20
  [1m[35m (1.5ms)[0m  [1m[31mROLLBACK[0m
  ↳ app/controllers/subs_controller.rb:20
  Rendering subs/new.html.erb within layouts/application
  Rendered subs/new.html.erb within layouts/application (0.7ms)
  [1m[36mUser Load (1.2ms)[0m  [1m[34mSELECT  "users".* FROM "users" WHERE "users"."session_token" = $1 LIMIT $2[0m  [["session_token", "m3w2L13g4tzYk3TBn-JyyA"], ["LIMIT", 1]]
  ↳ app/controllers/application_controller.rb:6
Completed 200 OK in 71ms (Views: 26.9ms | ActiveRecord: 4.4ms)


Started GET "/subs" for ::1 at 2021-10-15 16:38:29 -0700
Processing by SubsController#index as HTML
  Rendering subs/index.html.erb within layouts/application
  [1m[36mSub Load (0.8ms)[0m  [1m[34mSELECT "subs".* FROM "subs"[0m
  ↳ app/views/subs/index.html.erb:3
  Rendered subs/index.html.erb within layouts/application (2.8ms)
  [1m[36mUser Load (1.0ms)[0m  [1m[34mSELECT  "users".* FROM "users" WHERE "users"."session_token" = $1 LIMIT $2[0m  [["session_token", "m3w2L13g4tzYk3TBn-JyyA"], ["LIMIT", 1]]
  ↳ app/controllers/application_controller.rb:6
Completed 200 OK in 47ms (Views: 43.9ms | ActiveRecord: 1.8ms)


Started GET "/subs/new" for ::1 at 2021-10-15 16:38:35 -0700
Processing by SubsController#new as HTML
  Rendering subs/new.html.erb within layouts/application
  Rendered subs/new.html.erb within layouts/application (1.0ms)
  [1m[36mUser Load (0.8ms)[0m  [1m[34mSELECT  "users".* FROM "users" WHERE "users"."session_token" = $1 LIMIT $2[0m  [["session_token", "m3w2L13g4tzYk3TBn-JyyA"], ["LIMIT", 1]]
  ↳ app/controllers/application_controller.rb:6
Completed 200 OK in 46ms (Views: 43.8ms | ActiveRecord: 0.8ms)


Started POST "/subs" for ::1 at 2021-10-15 16:38:44 -0700
Processing by SubsController#create as HTML
  Parameters: {"authenticity_token"=>"Na5ui5vRXa2cSGprFcZXEdU9nopKYwWXKltahE0CmPqJ+Ovu/Wzu7WctkZdir6xD/elrUhAAoihDiIVwjqwy+A==", "subs"=>{"title"=>"Subscribe", "description"=>"adsfsdfsdfsdfsdfsd"}}
  [1m[35m (2.5ms)[0m  [1m[35mBEGIN[0m
  ↳ app/controllers/subs_controller.rb:20
  [1m[36mSub Exists (1.0ms)[0m  [1m[34mSELECT  1 AS one FROM "subs" WHERE "subs"."title" = $1 LIMIT $2[0m  [["title", "Subscribe"], ["LIMIT", 1]]
  ↳ app/controllers/subs_controller.rb:20
  [1m[36mSub Exists (1.1ms)[0m  [1m[34mSELECT  1 AS one FROM "subs" WHERE "subs"."moderator_id" IS NULL LIMIT $1[0m  [["LIMIT", 1]]
  ↳ app/controllers/subs_controller.rb:20
  [1m[35m (0.3ms)[0m  [1m[31mROLLBACK[0m
  ↳ app/controllers/subs_controller.rb:20
  Rendering subs/new.html.erb within layouts/application
  Rendered subs/new.html.erb within layouts/application (2.2ms)
  [1m[36mUser Load (1.1ms)[0m  [1m[34mSELECT  "users".* FROM "users" WHERE "users"."session_token" = $1 LIMIT $2[0m  [["session_token", "m3w2L13g4tzYk3TBn-JyyA"], ["LIMIT", 1]]
  ↳ app/controllers/application_controller.rb:6
Completed 200 OK in 69ms (Views: 53.1ms | ActiveRecord: 6.0ms)


Started GET "/subs" for ::1 at 2021-10-15 16:43:13 -0700
Processing by SubsController#index as HTML
  Rendering subs/index.html.erb within layouts/application
  [1m[36mSub Load (2.7ms)[0m  [1m[34mSELECT "subs".* FROM "subs"[0m
  ↳ app/views/subs/index.html.erb:3
  Rendered subs/index.html.erb within layouts/application (5.4ms)
  [1m[36mUser Load (3.9ms)[0m  [1m[34mSELECT  "users".* FROM "users" WHERE "users"."session_token" = $1 LIMIT $2[0m  [["session_token", "m3w2L13g4tzYk3TBn-JyyA"], ["LIMIT", 1]]
  ↳ app/controllers/application_controller.rb:6
Completed 200 OK in 64ms (Views: 53.3ms | ActiveRecord: 6.6ms)


Started GET "/subs/new" for ::1 at 2021-10-15 16:43:18 -0700
Processing by SubsController#new as HTML
  Rendering subs/new.html.erb within layouts/application
  Rendered subs/new.html.erb within layouts/application (1.3ms)
  [1m[36mUser Load (0.8ms)[0m  [1m[34mSELECT  "users".* FROM "users" WHERE "users"."session_token" = $1 LIMIT $2[0m  [["session_token", "m3w2L13g4tzYk3TBn-JyyA"], ["LIMIT", 1]]
  ↳ app/controllers/application_controller.rb:6
Completed 200 OK in 45ms (Views: 42.7ms | ActiveRecord: 0.8ms)


Started POST "/subs" for ::1 at 2021-10-15 16:43:24 -0700
Processing by SubsController#create as HTML
  Parameters: {"authenticity_token"=>"9/pgkkiC2JwFO3IuapFFO1iLH1sTzX0Zb6fFDbDcrztLrOX3Lj9r3P5eidId+L5pcF/qg0mu2qYGdBr5c3IFOQ==", "subs"=>{"title"=>"aasdfasf", "description"=>"asdfsdafsdfasdfgdag"}}
  [1m[35m (0.5ms)[0m  [1m[35mBEGIN[0m
  ↳ app/controllers/subs_controller.rb:20
  [1m[36mSub Exists (1.2ms)[0m  [1m[34mSELECT  1 AS one FROM "subs" WHERE "subs"."title" = $1 LIMIT $2[0m  [["title", "aasdfasf"], ["LIMIT", 1]]
  ↳ app/controllers/subs_controller.rb:20
  [1m[36mSub Exists (0.7ms)[0m  [1m[34mSELECT  1 AS one FROM "subs" WHERE "subs"."moderator_id" IS NULL LIMIT $1[0m  [["LIMIT", 1]]
  ↳ app/controllers/subs_controller.rb:20
  [1m[35m (0.3ms)[0m  [1m[31mROLLBACK[0m
  ↳ app/controllers/subs_controller.rb:20
  Rendering subs/new.html.erb within layouts/application
  Rendered subs/new.html.erb within layouts/application (1.2ms)
  [1m[36mUser Load (0.8ms)[0m  [1m[34mSELECT  "users".* FROM "users" WHERE "users"."session_token" = $1 LIMIT $2[0m  [["session_token", "m3w2L13g4tzYk3TBn-JyyA"], ["LIMIT", 1]]
  ↳ app/controllers/application_controller.rb:6
Completed 200 OK in 65ms (Views: 48.6ms | ActiveRecord: 3.6ms)


Started GET "/subs" for ::1 at 2021-10-15 16:46:13 -0700
Processing by SubsController#index as HTML
  Rendering subs/index.html.erb within layouts/application
  [1m[36mSub Load (1.1ms)[0m  [1m[34mSELECT "subs".* FROM "subs"[0m
  ↳ app/views/subs/index.html.erb:3
  Rendered subs/index.html.erb within layouts/application (7.6ms)
  [1m[36mUser Load (0.5ms)[0m  [1m[34mSELECT  "users".* FROM "users" WHERE "users"."session_token" = $1 LIMIT $2[0m  [["session_token", "m3w2L13g4tzYk3TBn-JyyA"], ["LIMIT", 1]]
  ↳ app/controllers/application_controller.rb:6
Completed 200 OK in 60ms (Views: 34.3ms | ActiveRecord: 21.2ms)


Started GET "/subs/new" for ::1 at 2021-10-15 16:46:19 -0700
Processing by SubsController#new as HTML
  Rendering subs/new.html.erb within layouts/application
  Rendered subs/new.html.erb within layouts/application (0.9ms)
  [1m[36mUser Load (1.6ms)[0m  [1m[34mSELECT  "users".* FROM "users" WHERE "users"."session_token" = $1 LIMIT $2[0m  [["session_token", "m3w2L13g4tzYk3TBn-JyyA"], ["LIMIT", 1]]
  ↳ app/controllers/application_controller.rb:6
Completed 200 OK in 64ms (Views: 42.8ms | ActiveRecord: 10.6ms)


Started POST "/subs" for ::1 at 2021-10-15 16:46:23 -0700
Processing by SubsController#create as HTML
  Parameters: {"authenticity_token"=>"emM+pqmk4OstOCTvfbI1Qeuh3CItm1RASvnb6y+pDBrGNbvDzxlTq9Zd3xMK284Tw3Up+nf48/8jKgQf7AemGA==", "subs"=>{"title"=>"Subscribe", "description"=>"afdsfds"}}
  [1m[36mUser Load (1.8ms)[0m  [1m[34mSELECT  "users".* FROM "users" WHERE "users"."session_token" = $1 LIMIT $2[0m  [["session_token", "m3w2L13g4tzYk3TBn-JyyA"], ["LIMIT", 1]]
  ↳ app/controllers/application_controller.rb:6
  [1m[35m (0.3ms)[0m  [1m[35mBEGIN[0m
  ↳ app/controllers/subs_controller.rb:22
  [1m[36mSub Exists (1.4ms)[0m  [1m[34mSELECT  1 AS one FROM "subs" WHERE "subs"."title" = $1 LIMIT $2[0m  [["title", "Subscribe"], ["LIMIT", 1]]
  ↳ app/controllers/subs_controller.rb:22
  [1m[36mSub Exists (0.9ms)[0m  [1m[34mSELECT  1 AS one FROM "subs" WHERE "subs"."moderator_id" = $1 LIMIT $2[0m  [["moderator_id", 1], ["LIMIT", 1]]
  ↳ app/controllers/subs_controller.rb:22
  [1m[36mUser Load (5.5ms)[0m  [1m[34mSELECT  "users".* FROM "users" WHERE "users"."id" = $1 LIMIT $2[0m  [["id", 1], ["LIMIT", 1]]
  ↳ app/controllers/subs_controller.rb:22
  [1m[36mSub Create (26.9ms)[0m  [1m[32mINSERT INTO "subs" ("title", "description", "moderator_id", "created_at", "updated_at") VALUES ($1, $2, $3, $4, $5) RETURNING "id"[0m  [["title", "Subscribe"], ["description", "afdsfds"], ["moderator_id", 1], ["created_at", "2021-10-15 23:46:23.404873"], ["updated_at", "2021-10-15 23:46:23.404873"]]
  ↳ app/controllers/subs_controller.rb:22
  [1m[35m (0.6ms)[0m  [1m[35mCOMMIT[0m
  ↳ app/controllers/subs_controller.rb:22
Redirected to http://localhost:3000/subs/1
Completed 302 Found in 60ms (ActiveRecord: 37.4ms)


Started GET "/subs/1" for ::1 at 2021-10-15 16:46:23 -0700
Processing by SubsController#show as HTML
  Parameters: {"id"=>"1"}
  [1m[36mSub Load (0.7ms)[0m  [1m[34mSELECT  "subs".* FROM "subs" WHERE "subs"."id" = $1 LIMIT $2[0m  [["id", 1], ["LIMIT", 1]]
  ↳ app/controllers/subs_controller.rb:9
  Rendering subs/show.html.erb within layouts/application
  Rendered subs/show.html.erb within layouts/application (0.6ms)
  [1m[36mUser Load (0.4ms)[0m  [1m[34mSELECT  "users".* FROM "users" WHERE "users"."session_token" = $1 LIMIT $2[0m  [["session_token", "m3w2L13g4tzYk3TBn-JyyA"], ["LIMIT", 1]]
  ↳ app/controllers/application_controller.rb:6
Completed 200 OK in 29ms (Views: 26.1ms | ActiveRecord: 1.1ms)


Started GET "/subs/1/edit" for ::1 at 2021-10-15 16:49:08 -0700
Processing by SubsController#edit as HTML
  Parameters: {"id"=>"1"}
  [1m[36mSub Load (2.5ms)[0m  [1m[34mSELECT  "subs".* FROM "subs" WHERE "subs"."id" = $1 LIMIT $2[0m  [["id", 1], ["LIMIT", 1]]
  ↳ app/controllers/subs_controller.rb:31
  [1m[36mUser Load (1.5ms)[0m  [1m[34mSELECT  "users".* FROM "users" WHERE "users"."session_token" = $1 LIMIT $2[0m  [["session_token", "m3w2L13g4tzYk3TBn-JyyA"], ["LIMIT", 1]]
  ↳ app/controllers/application_controller.rb:6
  Rendering subs/edit.html.erb within layouts/application
  Rendered subs/edit.html.erb within layouts/application (2.3ms)
Completed 200 OK in 62ms (Views: 45.8ms | ActiveRecord: 4.0ms)


Started GET "/subs/1/edit" for ::1 at 2021-10-15 16:49:28 -0700
Processing by SubsController#edit as HTML
  Parameters: {"id"=>"1"}
  [1m[36mSub Load (2.9ms)[0m  [1m[34mSELECT  "subs".* FROM "subs" WHERE "subs"."id" = $1 LIMIT $2[0m  [["id", 1], ["LIMIT", 1]]
  ↳ app/controllers/subs_controller.rb:31
  [1m[36mUser Load (0.8ms)[0m  [1m[34mSELECT  "users".* FROM "users" WHERE "users"."session_token" = $1 LIMIT $2[0m  [["session_token", "m3w2L13g4tzYk3TBn-JyyA"], ["LIMIT", 1]]
  ↳ app/controllers/application_controller.rb:6
  Rendering subs/edit.html.erb within layouts/application
  Rendered subs/edit.html.erb within layouts/application (12.0ms)
Completed 200 OK in 93ms (Views: 75.6ms | ActiveRecord: 3.7ms)


Started GET "/subs/1/edit" for ::1 at 2021-10-15 16:49:30 -0700
Processing by SubsController#edit as HTML
  Parameters: {"id"=>"1"}
  [1m[36mSub Load (1.4ms)[0m  [1m[34mSELECT  "subs".* FROM "subs" WHERE "subs"."id" = $1 LIMIT $2[0m  [["id", 1], ["LIMIT", 1]]
  ↳ app/controllers/subs_controller.rb:31
  [1m[36mUser Load (0.9ms)[0m  [1m[34mSELECT  "users".* FROM "users" WHERE "users"."session_token" = $1 LIMIT $2[0m  [["session_token", "m3w2L13g4tzYk3TBn-JyyA"], ["LIMIT", 1]]
  ↳ app/controllers/application_controller.rb:6
  Rendering subs/edit.html.erb within layouts/application
  Rendered subs/edit.html.erb within layouts/application (1.3ms)
Completed 200 OK in 54ms (Views: 46.3ms | ActiveRecord: 2.3ms)


Started GET "/subs/1/edit" for ::1 at 2021-10-15 16:49:37 -0700
Processing by SubsController#edit as HTML
  Parameters: {"id"=>"1"}
  [1m[36mSub Load (14.2ms)[0m  [1m[34mSELECT  "subs".* FROM "subs" WHERE "subs"."id" = $1 LIMIT $2[0m  [["id", 1], ["LIMIT", 1]]
  ↳ app/controllers/subs_controller.rb:31
  [1m[36mUser Load (0.8ms)[0m  [1m[34mSELECT  "users".* FROM "users" WHERE "users"."session_token" = $1 LIMIT $2[0m  [["session_token", "m3w2L13g4tzYk3TBn-JyyA"], ["LIMIT", 1]]
  ↳ app/controllers/application_controller.rb:6
  Rendering subs/edit.html.erb within layouts/application
  Rendered subs/edit.html.erb within layouts/application (4.1ms)
Completed 200 OK in 57ms (Views: 36.6ms | ActiveRecord: 15.0ms)


Started PATCH "/subs/1" for ::1 at 2021-10-15 16:49:41 -0700
Processing by SubsController#update as HTML
  Parameters: {"sub"=>{"title"=>"Subscribed", "description"=>"afdsfds"}, "id"=>"1"}
Can't verify CSRF token authenticity.
Completed 422 Unprocessable Entity in 3ms (ActiveRecord: 0.0ms)


  
ActionController::InvalidAuthenticityToken (ActionController::InvalidAuthenticityToken):
  
actionpack (5.2.6) lib/action_controller/metal/request_forgery_protection.rb:215:in `handle_unverified_request'
actionpack (5.2.6) lib/action_controller/metal/request_forgery_protection.rb:247:in `handle_unverified_request'
actionpack (5.2.6) lib/action_controller/metal/request_forgery_protection.rb:242:in `verify_authenticity_token'
activesupport (5.2.6) lib/active_support/callbacks.rb:426:in `block in make_lambda'
activesupport (5.2.6) lib/active_support/callbacks.rb:198:in `block (2 levels) in halting'
actionpack (5.2.6) lib/abstract_controller/callbacks.rb:34:in `block (2 levels) in <module:Callbacks>'
activesupport (5.2.6) lib/active_support/callbacks.rb:199:in `block in halting'
activesupport (5.2.6) lib/active_support/callbacks.rb:513:in `block in invoke_before'
activesupport (5.2.6) lib/active_support/callbacks.rb:513:in `each'
activesupport (5.2.6) lib/active_support/callbacks.rb:513:in `invoke_before'
activesupport (5.2.6) lib/active_support/callbacks.rb:131:in `run_callbacks'
actionpack (5.2.6) lib/abstract_controller/callbacks.rb:41:in `process_action'
actionpack (5.2.6) lib/action_controller/metal/rescue.rb:22:in `process_action'
actionpack (5.2.6) lib/action_controller/metal/instrumentation.rb:34:in `block in process_action'
activesupport (5.2.6) lib/active_support/notifications.rb:168:in `block in instrument'
activesupport (5.2.6) lib/active_support/notifications/instrumenter.rb:23:in `instrument'
activesupport (5.2.6) lib/active_support/notifications.rb:168:in `instrument'
actionpack (5.2.6) lib/action_controller/metal/instrumentation.rb:32:in `process_action'
actionpack (5.2.6) lib/action_controller/metal/params_wrapper.rb:256:in `process_action'
activerecord (5.2.6) lib/active_record/railties/controller_runtime.rb:24:in `process_action'
actionpack (5.2.6) lib/abstract_controller/base.rb:134:in `process'
actionview (5.2.6) lib/action_view/rendering.rb:32:in `process'
actionpack (5.2.6) lib/action_controller/metal.rb:191:in `dispatch'
actionpack (5.2.6) lib/action_controller/metal.rb:252:in `dispatch'
actionpack (5.2.6) lib/action_dispatch/routing/route_set.rb:52:in `dispatch'
actionpack (5.2.6) lib/action_dispatch/routing/route_set.rb:34:in `serve'
actionpack (5.2.6) lib/action_dispatch/journey/router.rb:52:in `block in serve'
actionpack (5.2.6) lib/action_dispatch/journey/router.rb:35:in `each'
actionpack (5.2.6) lib/action_dispatch/journey/router.rb:35:in `serve'
actionpack (5.2.6) lib/action_dispatch/routing/route_set.rb:840:in `call'
rack (2.2.3) lib/rack/tempfile_reaper.rb:15:in `call'
rack (2.2.3) lib/rack/etag.rb:27:in `call'
rack (2.2.3) lib/rack/conditional_get.rb:40:in `call'
rack (2.2.3) lib/rack/head.rb:12:in `call'
actionpack (5.2.6) lib/action_dispatch/http/content_security_policy.rb:18:in `call'
rack (2.2.3) lib/rack/session/abstract/id.rb:266:in `context'
rack (2.2.3) lib/rack/session/abstract/id.rb:260:in `call'
actionpack (5.2.6) lib/action_dispatch/middleware/cookies.rb:670:in `call'
activerecord (5.2.6) lib/active_record/migration.rb:559:in `call'
actionpack (5.2.6) lib/action_dispatch/middleware/callbacks.rb:28:in `block in call'
activesupport (5.2.6) lib/active_support/callbacks.rb:98:in `run_callbacks'
actionpack (5.2.6) lib/action_dispatch/middleware/callbacks.rb:26:in `call'
actionpack (5.2.6) lib/action_dispatch/middleware/executor.rb:14:in `call'
actionpack (5.2.6) lib/action_dispatch/middleware/debug_exceptions.rb:61:in `call'
web-console (3.7.0) lib/web_console/middleware.rb:135:in `call_app'
web-console (3.7.0) lib/web_console/middleware.rb:30:in `block in call'
web-console (3.7.0) lib/web_console/middleware.rb:20:in `catch'
web-console (3.7.0) lib/web_console/middleware.rb:20:in `call'
actionpack (5.2.6) lib/action_dispatch/middleware/show_exceptions.rb:33:in `call'
railties (5.2.6) lib/rails/rack/logger.rb:38:in `call_app'
railties (5.2.6) lib/rails/rack/logger.rb:26:in `block in call'
activesupport (5.2.6) lib/active_support/tagged_logging.rb:71:in `block in tagged'
activesupport (5.2.6) lib/active_support/tagged_logging.rb:28:in `tagged'
activesupport (5.2.6) lib/active_support/tagged_logging.rb:71:in `tagged'
railties (5.2.6) lib/rails/rack/logger.rb:26:in `call'
sprockets-rails (3.2.2) lib/sprockets/rails/quiet_assets.rb:13:in `call'
actionpack (5.2.6) lib/action_dispatch/middleware/remote_ip.rb:81:in `call'
actionpack (5.2.6) lib/action_dispatch/middleware/request_id.rb:27:in `call'
rack (2.2.3) lib/rack/method_override.rb:24:in `call'
rack (2.2.3) lib/rack/runtime.rb:22:in `call'
activesupport (5.2.6) lib/active_support/cache/strategy/local_cache_middleware.rb:29:in `call'
actionpack (5.2.6) lib/action_dispatch/middleware/executor.rb:14:in `call'
actionpack (5.2.6) lib/action_dispatch/middleware/static.rb:127:in `call'
rack (2.2.3) lib/rack/sendfile.rb:110:in `call'
railties (5.2.6) lib/rails/engine.rb:524:in `call'
puma (3.12.6) lib/puma/configuration.rb:227:in `call'
puma (3.12.6) lib/puma/server.rb:706:in `handle_request'
puma (3.12.6) lib/puma/server.rb:476:in `process_client'
puma (3.12.6) lib/puma/server.rb:334:in `block in run'
puma (3.12.6) lib/puma/thread_pool.rb:135:in `block in spawn_thread'
Started GET "/subs/1/edit" for ::1 at 2021-10-15 16:50:15 -0700
Processing by SubsController#edit as HTML
  Parameters: {"id"=>"1"}
  [1m[36mSub Load (1.6ms)[0m  [1m[34mSELECT  "subs".* FROM "subs" WHERE "subs"."id" = $1 LIMIT $2[0m  [["id", 1], ["LIMIT", 1]]
  ↳ app/controllers/subs_controller.rb:31
  [1m[36mUser Load (0.7ms)[0m  [1m[34mSELECT  "users".* FROM "users" WHERE "users"."session_token" = $1 LIMIT $2[0m  [["session_token", "m3w2L13g4tzYk3TBn-JyyA"], ["LIMIT", 1]]
  ↳ app/controllers/application_controller.rb:6
  Rendering subs/edit.html.erb within layouts/application
  Rendered subs/edit.html.erb within layouts/application (2.6ms)
Completed 200 OK in 72ms (Views: 55.7ms | ActiveRecord: 2.4ms)


Started PATCH "/subs/1" for ::1 at 2021-10-15 16:50:16 -0700
Processing by SubsController#update as HTML
  Parameters: {"authenticity_token"=>"RJ+kZeLB33bgSD6trytmnb7s+wxvvIzjWrb3OWEj1tf4ySEAhHxsNhstxVHYQp3PljgO1DXfK1wzZSjNoo181Q==", "sub"=>{"title"=>"Subscribed", "description"=>"afdsfds"}, "id"=>"1"}
  [1m[36mSub Load (1.1ms)[0m  [1m[34mSELECT  "subs".* FROM "subs" WHERE "subs"."id" = $1 LIMIT $2[0m  [["id", 1], ["LIMIT", 1]]
  ↳ app/controllers/subs_controller.rb:41
Completed 400 Bad Request in 7ms (ActiveRecord: 1.1ms)


  
ActionController::ParameterMissing (param is missing or the value is empty: subs):
  
app/controllers/subs_controller.rb:51:in `sub_params'
app/controllers/subs_controller.rb:42:in `update'
Started GET "/subs/1/edit" for ::1 at 2021-10-15 16:51:05 -0700
Processing by SubsController#edit as HTML
  Parameters: {"id"=>"1"}
  [1m[36mSub Load (13.6ms)[0m  [1m[34mSELECT  "subs".* FROM "subs" WHERE "subs"."id" = $1 LIMIT $2[0m  [["id", 1], ["LIMIT", 1]]
  ↳ app/controllers/subs_controller.rb:31
  [1m[36mUser Load (3.9ms)[0m  [1m[34mSELECT  "users".* FROM "users" WHERE "users"."session_token" = $1 LIMIT $2[0m  [["session_token", "m3w2L13g4tzYk3TBn-JyyA"], ["LIMIT", 1]]
  ↳ app/controllers/application_controller.rb:6
  Rendering subs/edit.html.erb within layouts/application
  Rendered subs/edit.html.erb within layouts/application (5.1ms)
Completed 200 OK in 95ms (Views: 62.1ms | ActiveRecord: 17.5ms)


Started PATCH "/subs/1" for ::1 at 2021-10-15 16:51:07 -0700
Processing by SubsController#update as HTML
  Parameters: {"authenticity_token"=>"TKt5ajQesBiPTeiaj/Xu3/+/nd0FYJy5ee0jyFgGd7nw/fwPUqMDWHQoE2b4nBWN12toBV8DOwYQPvw8m6jduw==", "subs"=>{"title"=>"Subscribed", "description"=>"afdsfds"}, "id"=>"1"}
  [1m[36mSub Load (1.3ms)[0m  [1m[34mSELECT  "subs".* FROM "subs" WHERE "subs"."id" = $1 LIMIT $2[0m  [["id", 1], ["LIMIT", 1]]
  ↳ app/controllers/subs_controller.rb:41
  [1m[35m (8.9ms)[0m  [1m[35mBEGIN[0m
  ↳ app/controllers/subs_controller.rb:42
  [1m[36mSub Exists (10.5ms)[0m  [1m[34mSELECT  1 AS one FROM "subs" WHERE "subs"."title" = $1 AND "subs"."id" != $2 LIMIT $3[0m  [["title", "Subscribed"], ["id", 1], ["LIMIT", 1]]
  ↳ app/controllers/subs_controller.rb:42
  [1m[36mSub Exists (5.1ms)[0m  [1m[34mSELECT  1 AS one FROM "subs" WHERE "subs"."moderator_id" = $1 AND "subs"."id" != $2 LIMIT $3[0m  [["moderator_id", 1], ["id", 1], ["LIMIT", 1]]
  ↳ app/controllers/subs_controller.rb:42
  [1m[36mUser Load (1.1ms)[0m  [1m[34mSELECT  "users".* FROM "users" WHERE "users"."id" = $1 LIMIT $2[0m  [["id", 1], ["LIMIT", 1]]
  ↳ app/controllers/subs_controller.rb:42
  [1m[36mSub Update (14.5ms)[0m  [1m[33mUPDATE "subs" SET "title" = $1, "updated_at" = $2 WHERE "subs"."id" = $3[0m  [["title", "Subscribed"], ["updated_at", "2021-10-15 23:51:07.529473"], ["id", 1]]
  ↳ app/controllers/subs_controller.rb:42
  [1m[35m (1.5ms)[0m  [1m[35mCOMMIT[0m
  ↳ app/controllers/subs_controller.rb:42
Redirected to http://localhost:3000/subs/1
Completed 302 Found in 64ms (ActiveRecord: 42.8ms)


Started GET "/subs/1" for ::1 at 2021-10-15 16:51:07 -0700
Processing by SubsController#show as HTML
  Parameters: {"id"=>"1"}
  [1m[36mSub Load (0.5ms)[0m  [1m[34mSELECT  "subs".* FROM "subs" WHERE "subs"."id" = $1 LIMIT $2[0m  [["id", 1], ["LIMIT", 1]]
  ↳ app/controllers/subs_controller.rb:9
  Rendering subs/show.html.erb within layouts/application
  Rendered subs/show.html.erb within layouts/application (0.8ms)
  [1m[36mUser Load (0.5ms)[0m  [1m[34mSELECT  "users".* FROM "users" WHERE "users"."session_token" = $1 LIMIT $2[0m  [["session_token", "m3w2L13g4tzYk3TBn-JyyA"], ["LIMIT", 1]]
  ↳ app/controllers/application_controller.rb:6
Completed 200 OK in 32ms (Views: 29.8ms | ActiveRecord: 0.9ms)


  [1m[35m (45.8ms)[0m  [1m[34mSELECT pg_try_advisory_lock(6711173107426626090)[0m
  ↳ bin/rails:9
  [1m[35m (4.0ms)[0m  [1m[34mSELECT "schema_migrations"."version" FROM "schema_migrations" ORDER BY "schema_migrations"."version" ASC[0m
  ↳ bin/rails:9
Migrating to CreatePosts (20211015235245)
  [1m[35m (0.3ms)[0m  [1m[35mBEGIN[0m
  ↳ bin/rails:9
  [1m[35m (94.2ms)[0m  [1m[35mCREATE TABLE "posts" ("id" bigserial primary key, "title" character varying NOT NULL, "url" character varying, "content" text, "sub_id" integer NOT NULL, "created_at" timestamp NOT NULL, "updated_at" timestamp NOT NULL)[0m
  ↳ db/migrate/20211015235245_create_posts.rb:3
  [1m[35m (1.9ms)[0m  [1m[35mCREATE  INDEX  "index_posts_on_sub_id" ON "posts"  ("sub_id")[0m
  ↳ db/migrate/20211015235245_create_posts.rb:10
  [1m[35m (44.7ms)[0m  [1m[35mCREATE  INDEX  "index_posts_on_title" ON "posts"  ("title")[0m
  ↳ db/migrate/20211015235245_create_posts.rb:11
  [1m[35m (4.7ms)[0m  [1m[35mCREATE UNIQUE INDEX  "index_posts_on_url" ON "posts"  ("url")[0m
  ↳ db/migrate/20211015235245_create_posts.rb:12
  [1m[36mActiveRecord::SchemaMigration Create (1.5ms)[0m  [1m[32mINSERT INTO "schema_migrations" ("version") VALUES ($1) RETURNING "version"[0m  [["version", "20211015235245"]]
  ↳ bin/rails:9
  [1m[35m (36.8ms)[0m  [1m[35mCOMMIT[0m
  ↳ bin/rails:9
  [1m[36mActiveRecord::InternalMetadata Load (1.4ms)[0m  [1m[34mSELECT  "ar_internal_metadata".* FROM "ar_internal_metadata" WHERE "ar_internal_metadata"."key" = $1 LIMIT $2[0m  [["key", "environment"], ["LIMIT", 1]]
  ↳ bin/rails:9
  [1m[35m (17.3ms)[0m  [1m[35mBEGIN[0m
  ↳ bin/rails:9
  [1m[35m (6.3ms)[0m  [1m[35mCOMMIT[0m
  ↳ bin/rails:9
  [1m[35m (0.7ms)[0m  [1m[34mSELECT pg_advisory_unlock(6711173107426626090)[0m
  ↳ bin/rails:9
  [1m[35m (1.5ms)[0m  [1m[34mSELECT "schema_migrations"."version" FROM "schema_migrations" ORDER BY "schema_migrations"."version" ASC[0m
  ↳ bin/rails:9
